2023-06-03 02:01:09 INFO  Main:12 - Starting the server
2023-06-03 12:41:01 INFO  Main:12 - Starting the server
2023-06-03 12:41:01 INFO  ClientHandler:51 - New client connected: fdjal
2023-06-03 12:41:01 INFO  ClientHandler:52 - Number of clients: 1
2023-06-03 12:41:01 INFO  Server:24 - New client connected
2023-06-03 12:41:03 ERROR ClientHandler:123 - Error handling client connection
java.net.SocketException: Connection reset
	at sun.nio.ch.NioSocketImpl.implRead(NioSocketImpl.java:323) ~[?:?]
	at sun.nio.ch.NioSocketImpl.read(NioSocketImpl.java:350) ~[?:?]
	at sun.nio.ch.NioSocketImpl$1.read(NioSocketImpl.java:803) ~[?:?]
	at java.net.Socket$SocketInputStream.read(Socket.java:966) ~[?:?]
	at java.net.Socket$SocketInputStream.read(Socket.java:961) ~[?:?]
	at java.io.DataInputStream.readUnsignedShort(DataInputStream.java:343) ~[?:?]
	at java.io.DataInputStream.readUTF(DataInputStream.java:595) ~[?:?]
	at java.io.DataInputStream.readUTF(DataInputStream.java:570) ~[?:?]
	at serverapp.ClientHandler.run(ClientHandler.java:62) [main/:?]
	at java.lang.Thread.run(Thread.java:833) [?:?]
2023-06-03 12:51:01 ERROR Server:27 - Error accepting client connection
java.net.SocketTimeoutException: Accept timed out
	at sun.nio.ch.NioSocketImpl.timedAccept(NioSocketImpl.java:708) ~[?:?]
	at sun.nio.ch.NioSocketImpl.accept(NioSocketImpl.java:752) ~[?:?]
	at java.net.ServerSocket.implAccept(ServerSocket.java:675) ~[?:?]
	at java.net.ServerSocket.platformImplAccept(ServerSocket.java:641) ~[?:?]
	at java.net.ServerSocket.implAccept(ServerSocket.java:617) ~[?:?]
	at java.net.ServerSocket.implAccept(ServerSocket.java:574) ~[?:?]
	at java.net.ServerSocket.accept(ServerSocket.java:532) ~[?:?]
	at serverapp.Server.startServer(Server.java:21) [main/:?]
	at serverapp.Main.main(Main.java:14) [main/:?]
2023-06-03 12:51:01 INFO  Main:15 - Server started on port 9876
2023-06-03 13:08:18 INFO  Main:12 - Starting the server
2023-06-03 13:10:37 INFO  ClientHandler:51 - New client connected: Andrei
2023-06-03 13:10:37 INFO  ClientHandler:52 - Number of clients: 1
2023-06-03 13:10:37 INFO  Server:24 - New client connected
2023-06-03 13:10:39 ERROR ClientHandler:123 - Error handling client connection
java.net.SocketException: Connection reset
	at sun.nio.ch.NioSocketImpl.implRead(NioSocketImpl.java:323) ~[?:?]
	at sun.nio.ch.NioSocketImpl.read(NioSocketImpl.java:350) ~[?:?]
	at sun.nio.ch.NioSocketImpl$1.read(NioSocketImpl.java:803) ~[?:?]
	at java.net.Socket$SocketInputStream.read(Socket.java:966) ~[?:?]
	at java.net.Socket$SocketInputStream.read(Socket.java:961) ~[?:?]
	at java.io.DataInputStream.readUnsignedShort(DataInputStream.java:343) ~[?:?]
	at java.io.DataInputStream.readUTF(DataInputStream.java:595) ~[?:?]
	at java.io.DataInputStream.readUTF(DataInputStream.java:570) ~[?:?]
	at serverapp.ClientHandler.run(ClientHandler.java:62) [main/:?]
	at java.lang.Thread.run(Thread.java:833) [?:?]
2023-06-03 13:15:33 ERROR ClientHandler:54 - Error in client connection
java.net.SocketException: Connection reset
	at sun.nio.ch.NioSocketImpl.implRead(NioSocketImpl.java:323) ~[?:?]
	at sun.nio.ch.NioSocketImpl.read(NioSocketImpl.java:350) ~[?:?]
	at sun.nio.ch.NioSocketImpl$1.read(NioSocketImpl.java:803) ~[?:?]
	at java.net.Socket$SocketInputStream.read(Socket.java:966) ~[?:?]
	at java.net.Socket$SocketInputStream.read(Socket.java:961) ~[?:?]
	at java.io.DataInputStream.readUnsignedShort(DataInputStream.java:343) ~[?:?]
	at java.io.DataInputStream.readUTF(DataInputStream.java:595) ~[?:?]
	at java.io.DataInputStream.readUTF(DataInputStream.java:570) ~[?:?]
	at serverapp.ClientHandler.<init>(ClientHandler.java:37) [main/:?]
	at serverapp.Server.startServer(Server.java:22) [main/:?]
	at serverapp.Main.main(Main.java:14) [main/:?]
2023-06-03 13:15:33 INFO  Server:24 - New client connected
2023-06-03 13:15:33 ERROR ClientHandler:123 - Error handling client connection
java.net.SocketException: Connection reset
	at sun.nio.ch.NioSocketImpl.implRead(NioSocketImpl.java:325) ~[?:?]
	at sun.nio.ch.NioSocketImpl.read(NioSocketImpl.java:350) ~[?:?]
	at sun.nio.ch.NioSocketImpl$1.read(NioSocketImpl.java:803) ~[?:?]
	at java.net.Socket$SocketInputStream.read(Socket.java:966) ~[?:?]
	at java.net.Socket$SocketInputStream.read(Socket.java:961) ~[?:?]
	at java.io.DataInputStream.readUnsignedShort(DataInputStream.java:343) ~[?:?]
	at java.io.DataInputStream.readUTF(DataInputStream.java:595) ~[?:?]
	at java.io.DataInputStream.readUTF(DataInputStream.java:570) ~[?:?]
	at serverapp.ClientHandler.run(ClientHandler.java:62) [main/:?]
	at java.lang.Thread.run(Thread.java:833) [?:?]
2023-06-03 13:37:38 INFO  Main:12 - Starting the server
2023-06-03 13:37:38 INFO  ClientHandler:51 - New client connected: Andrei
2023-06-03 13:37:38 INFO  ClientHandler:52 - Number of clients: 1
2023-06-03 13:37:38 INFO  Server:24 - New client connected
2023-06-03 13:37:41 ERROR ClientHandler:123 - Error handling client connection
java.net.SocketException: Connection reset
	at sun.nio.ch.NioSocketImpl.implRead(NioSocketImpl.java:323) ~[?:?]
	at sun.nio.ch.NioSocketImpl.read(NioSocketImpl.java:350) ~[?:?]
	at sun.nio.ch.NioSocketImpl$1.read(NioSocketImpl.java:803) ~[?:?]
	at java.net.Socket$SocketInputStream.read(Socket.java:966) ~[?:?]
	at java.net.Socket$SocketInputStream.read(Socket.java:961) ~[?:?]
	at java.io.DataInputStream.readUnsignedShort(DataInputStream.java:343) ~[?:?]
	at java.io.DataInputStream.readUTF(DataInputStream.java:595) ~[?:?]
	at java.io.DataInputStream.readUTF(DataInputStream.java:570) ~[?:?]
	at serverapp.ClientHandler.run(ClientHandler.java:62) [main/:?]
	at java.lang.Thread.run(Thread.java:833) [?:?]
2023-06-03 13:40:03 INFO  Main:12 - Starting the server
2023-06-03 15:17:00 INFO  Main:12 - Starting the server
2023-06-03 15:17:19 ERROR ClientHandler:54 - Error in client connection
java.nio.file.NoSuchFileException: clientsDb.txt
	at sun.nio.fs.WindowsException.translateToIOException(WindowsException.java:85) ~[?:?]
	at sun.nio.fs.WindowsException.rethrowAsIOException(WindowsException.java:103) ~[?:?]
	at sun.nio.fs.WindowsException.rethrowAsIOException(WindowsException.java:108) ~[?:?]
	at sun.nio.fs.WindowsFileSystemProvider.newByteChannel(WindowsFileSystemProvider.java:236) ~[?:?]
	at java.nio.file.Files.newByteChannel(Files.java:380) ~[?:?]
	at java.nio.file.Files.newByteChannel(Files.java:432) ~[?:?]
	at java.nio.file.Files.readAllBytes(Files.java:3288) ~[?:?]
	at java.nio.file.Files.readString(Files.java:3366) ~[?:?]
	at java.nio.file.Files.readString(Files.java:3325) ~[?:?]
	at serverapp.ClientHandler.<init>(ClientHandler.java:39) [main/:?]
	at serverapp.Server.startServer(Server.java:22) [main/:?]
	at serverapp.Main.main(Main.java:14) [main/:?]
2023-06-03 15:17:19 INFO  Server:24 - New client connected
2023-06-03 15:22:29 INFO  Main:12 - Starting the server
2023-06-03 15:22:56 INFO  ClientHandler:31 - Creating new file for Users
2023-06-03 15:22:56 ERROR ClientHandler:54 - Error in client connection
java.nio.file.NoSuchFileException: app\src\main\java\serverapp\clientsDb.txt
	at sun.nio.fs.WindowsException.translateToIOException(WindowsException.java:85) ~[?:?]
	at sun.nio.fs.WindowsException.rethrowAsIOException(WindowsException.java:103) ~[?:?]
	at sun.nio.fs.WindowsException.rethrowAsIOException(WindowsException.java:108) ~[?:?]
	at sun.nio.fs.WindowsFileSystemProvider.newByteChannel(WindowsFileSystemProvider.java:236) ~[?:?]
	at java.nio.file.Files.newByteChannel(Files.java:380) ~[?:?]
	at java.nio.file.Files.createFile(Files.java:658) ~[?:?]
	at serverapp.ClientHandler.<init>(ClientHandler.java:32) [main/:?]
	at serverapp.Server.startServer(Server.java:22) [main/:?]
	at serverapp.Main.main(Main.java:14) [main/:?]
2023-06-03 15:22:56 INFO  Server:24 - New client connected
2023-06-03 15:32:56 ERROR Server:27 - Error accepting client connection
java.net.SocketTimeoutException: Accept timed out
	at sun.nio.ch.NioSocketImpl.timedAccept(NioSocketImpl.java:708) ~[?:?]
	at sun.nio.ch.NioSocketImpl.accept(NioSocketImpl.java:752) ~[?:?]
	at java.net.ServerSocket.implAccept(ServerSocket.java:675) ~[?:?]
	at java.net.ServerSocket.platformImplAccept(ServerSocket.java:641) ~[?:?]
	at java.net.ServerSocket.implAccept(ServerSocket.java:617) ~[?:?]
	at java.net.ServerSocket.implAccept(ServerSocket.java:574) ~[?:?]
	at java.net.ServerSocket.accept(ServerSocket.java:532) ~[?:?]
	at serverapp.Server.startServer(Server.java:21) [main/:?]
	at serverapp.Main.main(Main.java:14) [main/:?]
2023-06-03 15:32:56 INFO  Main:15 - Server started on port 9876
2023-06-03 18:17:31 INFO  Main:12 - Starting the server
2023-06-03 18:17:31 INFO  ClientHandler:31 - Creating new file for Users
2023-06-03 18:17:31 ERROR ClientHandler:54 - Error in client connection
java.nio.file.NoSuchFileException: app\src\main\java\serverapp\clientsDb.txt
	at sun.nio.fs.WindowsException.translateToIOException(WindowsException.java:85) ~[?:?]
	at sun.nio.fs.WindowsException.rethrowAsIOException(WindowsException.java:103) ~[?:?]
	at sun.nio.fs.WindowsException.rethrowAsIOException(WindowsException.java:108) ~[?:?]
	at sun.nio.fs.WindowsFileSystemProvider.newByteChannel(WindowsFileSystemProvider.java:236) ~[?:?]
	at java.nio.file.Files.newByteChannel(Files.java:380) ~[?:?]
	at java.nio.file.Files.createFile(Files.java:658) ~[?:?]
	at serverapp.ClientHandler.<init>(ClientHandler.java:32) [main/:?]
	at serverapp.Server.startServer(Server.java:22) [main/:?]
	at serverapp.Main.main(Main.java:14) [main/:?]
2023-06-03 18:17:31 INFO  Server:24 - New client connected
2023-06-03 18:19:25 INFO  Main:12 - Starting the server
2023-06-03 18:19:57 INFO  ClientHandler:34 - Creating new file for Users
2023-06-03 18:19:57 ERROR ClientHandler:55 - Error in client connection
java.nio.file.NoSuchFileException: app\src\main\java\serverapp\clientsDb.txt
	at sun.nio.fs.WindowsException.translateToIOException(WindowsException.java:85) ~[?:?]
	at sun.nio.fs.WindowsException.rethrowAsIOException(WindowsException.java:103) ~[?:?]
	at sun.nio.fs.WindowsException.rethrowAsIOException(WindowsException.java:108) ~[?:?]
	at sun.nio.fs.WindowsFileSystemProvider.newByteChannel(WindowsFileSystemProvider.java:236) ~[?:?]
	at java.nio.file.Files.newByteChannel(Files.java:380) ~[?:?]
	at java.nio.file.Files.createFile(Files.java:658) ~[?:?]
	at serverapp.ClientHandler.<init>(ClientHandler.java:35) [main/:?]
	at serverapp.Server.startServer(Server.java:22) [main/:?]
	at serverapp.Main.main(Main.java:14) [main/:?]
2023-06-03 18:19:57 INFO  Server:24 - New client connected
2023-06-03 18:30:18 INFO  Main:12 - Starting the server
2023-06-03 18:30:39 INFO  ClientHandler:34 - Creating new file for Users
2023-06-03 18:30:39 ERROR ClientHandler:55 - Error in client connection
java.nio.file.NoSuchFileException: app\db\clientsDb.txt
	at sun.nio.fs.WindowsException.translateToIOException(WindowsException.java:85) ~[?:?]
	at sun.nio.fs.WindowsException.rethrowAsIOException(WindowsException.java:103) ~[?:?]
	at sun.nio.fs.WindowsException.rethrowAsIOException(WindowsException.java:108) ~[?:?]
	at sun.nio.fs.WindowsFileSystemProvider.newByteChannel(WindowsFileSystemProvider.java:236) ~[?:?]
	at java.nio.file.Files.newByteChannel(Files.java:380) ~[?:?]
	at java.nio.file.Files.createFile(Files.java:658) ~[?:?]
	at serverapp.ClientHandler.<init>(ClientHandler.java:35) [main/:?]
	at serverapp.Server.startServer(Server.java:22) [main/:?]
	at serverapp.Main.main(Main.java:14) [main/:?]
2023-06-03 18:30:39 INFO  Server:24 - New client connected
2023-06-03 18:40:39 ERROR Server:27 - Error accepting client connection
java.net.SocketTimeoutException: Accept timed out
	at sun.nio.ch.NioSocketImpl.timedAccept(NioSocketImpl.java:708) ~[?:?]
	at sun.nio.ch.NioSocketImpl.accept(NioSocketImpl.java:752) ~[?:?]
	at java.net.ServerSocket.implAccept(ServerSocket.java:675) ~[?:?]
	at java.net.ServerSocket.platformImplAccept(ServerSocket.java:641) ~[?:?]
	at java.net.ServerSocket.implAccept(ServerSocket.java:617) ~[?:?]
	at java.net.ServerSocket.implAccept(ServerSocket.java:574) ~[?:?]
	at java.net.ServerSocket.accept(ServerSocket.java:532) ~[?:?]
	at serverapp.Server.startServer(Server.java:21) [main/:?]
	at serverapp.Main.main(Main.java:14) [main/:?]
2023-06-03 18:40:39 INFO  Main:15 - Server started on port 9876
2023-06-03 18:53:12 INFO  Main:12 - Starting the server
2023-06-03 18:53:12 INFO  ClientHandler:34 - Creating new file for Users
2023-06-03 18:53:12 ERROR ClientHandler:55 - Error in client connection
java.nio.file.NoSuchFileException: app\db\clientsDb.txt
	at sun.nio.fs.WindowsException.translateToIOException(WindowsException.java:85) ~[?:?]
	at sun.nio.fs.WindowsException.rethrowAsIOException(WindowsException.java:103) ~[?:?]
	at sun.nio.fs.WindowsException.rethrowAsIOException(WindowsException.java:108) ~[?:?]
	at sun.nio.fs.WindowsFileSystemProvider.newByteChannel(WindowsFileSystemProvider.java:236) ~[?:?]
	at java.nio.file.Files.newByteChannel(Files.java:380) ~[?:?]
	at java.nio.file.Files.createFile(Files.java:658) ~[?:?]
	at serverapp.ClientHandler.<init>(ClientHandler.java:35) [main/:?]
	at serverapp.Server.startServer(Server.java:22) [main/:?]
	at serverapp.Main.main(Main.java:14) [main/:?]
2023-06-03 18:53:12 INFO  Server:24 - New client connected
2023-06-03 18:53:21 ERROR ClientHandler:124 - Error handling client connection
java.net.SocketException: Connection reset
	at sun.nio.ch.NioSocketImpl.implRead(NioSocketImpl.java:323) ~[?:?]
	at sun.nio.ch.NioSocketImpl.read(NioSocketImpl.java:350) ~[?:?]
	at sun.nio.ch.NioSocketImpl$1.read(NioSocketImpl.java:803) ~[?:?]
	at java.net.Socket$SocketInputStream.read(Socket.java:966) ~[?:?]
	at java.net.Socket$SocketInputStream.read(Socket.java:961) ~[?:?]
	at java.io.DataInputStream.readUnsignedShort(DataInputStream.java:343) ~[?:?]
	at java.io.DataInputStream.readUTF(DataInputStream.java:595) ~[?:?]
	at java.io.DataInputStream.readUTF(DataInputStream.java:570) ~[?:?]
	at serverapp.ClientHandler.run(ClientHandler.java:63) [main/:?]
	at java.lang.Thread.run(Thread.java:833) [?:?]
2023-06-03 18:53:41 INFO  ClientHandler:34 - Creating new file for Users
2023-06-03 18:53:41 ERROR ClientHandler:55 - Error in client connection
java.nio.file.NoSuchFileException: app\db\clientsDb.txt
	at sun.nio.fs.WindowsException.translateToIOException(WindowsException.java:85) ~[?:?]
	at sun.nio.fs.WindowsException.rethrowAsIOException(WindowsException.java:103) ~[?:?]
	at sun.nio.fs.WindowsException.rethrowAsIOException(WindowsException.java:108) ~[?:?]
	at sun.nio.fs.WindowsFileSystemProvider.newByteChannel(WindowsFileSystemProvider.java:236) ~[?:?]
	at java.nio.file.Files.newByteChannel(Files.java:380) ~[?:?]
	at java.nio.file.Files.createFile(Files.java:658) ~[?:?]
	at serverapp.ClientHandler.<init>(ClientHandler.java:35) [main/:?]
	at serverapp.Server.startServer(Server.java:22) [main/:?]
	at serverapp.Main.main(Main.java:14) [main/:?]
2023-06-03 18:53:41 INFO  Server:24 - New client connected
2023-06-03 18:58:21 INFO  Main:12 - Starting the server
2023-06-03 18:59:16 INFO  ClientHandler:34 - Creating new file for Users
2023-06-03 18:59:16 ERROR ClientHandler:55 - Error in client connection
java.nio.file.NoSuchFileException: db\clientsDb.txt
	at sun.nio.fs.WindowsException.translateToIOException(WindowsException.java:85) ~[?:?]
	at sun.nio.fs.WindowsException.rethrowAsIOException(WindowsException.java:103) ~[?:?]
	at sun.nio.fs.WindowsException.rethrowAsIOException(WindowsException.java:108) ~[?:?]
	at sun.nio.fs.WindowsFileSystemProvider.newByteChannel(WindowsFileSystemProvider.java:236) ~[?:?]
	at java.nio.file.Files.newByteChannel(Files.java:380) ~[?:?]
	at java.nio.file.Files.createFile(Files.java:658) ~[?:?]
	at serverapp.ClientHandler.<init>(ClientHandler.java:35) [main/:?]
	at serverapp.Server.startServer(Server.java:22) [main/:?]
	at serverapp.Main.main(Main.java:14) [main/:?]
2023-06-03 18:59:16 INFO  Server:24 - New client connected
2023-06-04 18:03:29 INFO  Main:12 - Starting the server
2023-06-04 18:03:54 INFO  ClientHandler:34 - Creating new file for Users
2023-06-04 18:03:54 ERROR ClientHandler:55 - Error in client connection
java.nio.file.NoSuchFileException: db\clientsDb.txt
	at sun.nio.fs.WindowsException.translateToIOException(WindowsException.java:85) ~[?:?]
	at sun.nio.fs.WindowsException.rethrowAsIOException(WindowsException.java:103) ~[?:?]
	at sun.nio.fs.WindowsException.rethrowAsIOException(WindowsException.java:108) ~[?:?]
	at sun.nio.fs.WindowsFileSystemProvider.newByteChannel(WindowsFileSystemProvider.java:236) ~[?:?]
	at java.nio.file.Files.newByteChannel(Files.java:380) ~[?:?]
	at java.nio.file.Files.createFile(Files.java:658) ~[?:?]
	at serverapp.ClientHandler.<init>(ClientHandler.java:35) [main/:?]
	at serverapp.Server.startServer(Server.java:22) [main/:?]
	at serverapp.Main.main(Main.java:14) [main/:?]
2023-06-04 18:03:54 INFO  Server:24 - New client connected
2023-06-04 18:10:05 INFO  Main:12 - Starting the server
2023-06-04 18:10:51 INFO  ClientHandler:34 - Creating new file for Users
2023-06-04 18:10:51 ERROR ClientHandler:55 - Error in client connection
java.nio.file.NoSuchFileException: db\clientsDb.txt
	at sun.nio.fs.WindowsException.translateToIOException(WindowsException.java:85) ~[?:?]
	at sun.nio.fs.WindowsException.rethrowAsIOException(WindowsException.java:103) ~[?:?]
	at sun.nio.fs.WindowsException.rethrowAsIOException(WindowsException.java:108) ~[?:?]
	at sun.nio.fs.WindowsFileSystemProvider.newByteChannel(WindowsFileSystemProvider.java:236) ~[?:?]
	at java.nio.file.Files.newByteChannel(Files.java:380) ~[?:?]
	at java.nio.file.Files.createFile(Files.java:658) ~[?:?]
	at serverapp.ClientHandler.<init>(ClientHandler.java:35) [main/:?]
	at serverapp.Server.startServer(Server.java:22) [main/:?]
	at serverapp.Main.main(Main.java:14) [main/:?]
2023-06-04 18:10:51 INFO  Server:24 - New client connected
2023-06-04 18:12:20 INFO  Main:12 - Starting the server
2023-06-04 18:12:40 ERROR ClientHandler:52 - Error in client connection
java.net.SocketException: Connection reset
	at sun.nio.ch.NioSocketImpl.implRead(NioSocketImpl.java:323) ~[?:?]
	at sun.nio.ch.NioSocketImpl.read(NioSocketImpl.java:350) ~[?:?]
	at sun.nio.ch.NioSocketImpl$1.read(NioSocketImpl.java:803) ~[?:?]
	at java.net.Socket$SocketInputStream.read(Socket.java:966) ~[?:?]
	at java.net.Socket$SocketInputStream.read(Socket.java:961) ~[?:?]
	at java.io.DataInputStream.readUnsignedShort(DataInputStream.java:343) ~[?:?]
	at java.io.DataInputStream.readUTF(DataInputStream.java:595) ~[?:?]
	at java.io.DataInputStream.readUTF(DataInputStream.java:570) ~[?:?]
	at serverapp.ClientHandler.<init>(ClientHandler.java:35) [main/:?]
	at serverapp.Server.startServer(Server.java:22) [main/:?]
	at serverapp.Main.main(Main.java:14) [main/:?]
2023-06-04 18:12:40 INFO  Server:24 - New client connected
2023-06-04 18:12:40 ERROR ClientHandler:121 - Error handling client connection
java.net.SocketException: Connection reset
	at sun.nio.ch.NioSocketImpl.implRead(NioSocketImpl.java:325) ~[?:?]
	at sun.nio.ch.NioSocketImpl.read(NioSocketImpl.java:350) ~[?:?]
	at sun.nio.ch.NioSocketImpl$1.read(NioSocketImpl.java:803) ~[?:?]
	at java.net.Socket$SocketInputStream.read(Socket.java:966) ~[?:?]
	at java.net.Socket$SocketInputStream.read(Socket.java:961) ~[?:?]
	at java.io.DataInputStream.readUnsignedShort(DataInputStream.java:343) ~[?:?]
	at java.io.DataInputStream.readUTF(DataInputStream.java:595) ~[?:?]
	at java.io.DataInputStream.readUTF(DataInputStream.java:570) ~[?:?]
	at serverapp.ClientHandler.run(ClientHandler.java:60) [main/:?]
	at java.lang.Thread.run(Thread.java:833) [?:?]
2023-06-04 18:13:20 ERROR ClientHandler:52 - Error in client connection
java.nio.file.NoSuchFileException: db\clientsDb.txt
	at sun.nio.fs.WindowsException.translateToIOException(WindowsException.java:85) ~[?:?]
	at sun.nio.fs.WindowsException.rethrowAsIOException(WindowsException.java:103) ~[?:?]
	at sun.nio.fs.WindowsException.rethrowAsIOException(WindowsException.java:108) ~[?:?]
	at sun.nio.fs.WindowsFileSystemProvider.newByteChannel(WindowsFileSystemProvider.java:236) ~[?:?]
	at java.nio.file.Files.newByteChannel(Files.java:380) ~[?:?]
	at java.nio.file.Files.newByteChannel(Files.java:432) ~[?:?]
	at java.nio.file.Files.readAllBytes(Files.java:3288) ~[?:?]
	at java.nio.file.Files.readString(Files.java:3366) ~[?:?]
	at java.nio.file.Files.readString(Files.java:3325) ~[?:?]
	at serverapp.ClientHandler.<init>(ClientHandler.java:37) [main/:?]
	at serverapp.Server.startServer(Server.java:22) [main/:?]
	at serverapp.Main.main(Main.java:14) [main/:?]
2023-06-04 18:13:20 INFO  Server:24 - New client connected
2023-06-04 18:23:20 ERROR Server:27 - Error accepting client connection
java.net.SocketTimeoutException: Accept timed out
	at sun.nio.ch.NioSocketImpl.timedAccept(NioSocketImpl.java:708) ~[?:?]
	at sun.nio.ch.NioSocketImpl.accept(NioSocketImpl.java:752) ~[?:?]
	at java.net.ServerSocket.implAccept(ServerSocket.java:675) ~[?:?]
	at java.net.ServerSocket.platformImplAccept(ServerSocket.java:641) ~[?:?]
	at java.net.ServerSocket.implAccept(ServerSocket.java:617) ~[?:?]
	at java.net.ServerSocket.implAccept(ServerSocket.java:574) ~[?:?]
	at java.net.ServerSocket.accept(ServerSocket.java:532) ~[?:?]
	at serverapp.Server.startServer(Server.java:21) [main/:?]
	at serverapp.Main.main(Main.java:14) [main/:?]
2023-06-04 18:23:20 INFO  Main:15 - Server started on port 9876
2023-06-04 19:14:31 ERROR ClientHandler:121 - Error handling client connection
java.net.SocketException: Connection reset
	at sun.nio.ch.NioSocketImpl.implRead(NioSocketImpl.java:323) ~[?:?]
	at sun.nio.ch.NioSocketImpl.read(NioSocketImpl.java:350) ~[?:?]
	at sun.nio.ch.NioSocketImpl$1.read(NioSocketImpl.java:803) ~[?:?]
	at java.net.Socket$SocketInputStream.read(Socket.java:966) ~[?:?]
	at java.net.Socket$SocketInputStream.read(Socket.java:961) ~[?:?]
	at java.io.DataInputStream.readUnsignedShort(DataInputStream.java:343) ~[?:?]
	at java.io.DataInputStream.readUTF(DataInputStream.java:595) ~[?:?]
	at java.io.DataInputStream.readUTF(DataInputStream.java:570) ~[?:?]
	at serverapp.ClientHandler.run(ClientHandler.java:60) [main/:?]
	at java.lang.Thread.run(Thread.java:833) [?:?]
2023-06-04 19:20:52 INFO  Main:12 - Starting the server
2023-06-04 19:20:52 ERROR ClientHandler:52 - Error in client connection
java.nio.file.NoSuchFileException: db\clientsDb.txt
	at sun.nio.fs.WindowsException.translateToIOException(WindowsException.java:85) ~[?:?]
	at sun.nio.fs.WindowsException.rethrowAsIOException(WindowsException.java:103) ~[?:?]
	at sun.nio.fs.WindowsException.rethrowAsIOException(WindowsException.java:108) ~[?:?]
	at sun.nio.fs.WindowsFileSystemProvider.newByteChannel(WindowsFileSystemProvider.java:236) ~[?:?]
	at java.nio.file.Files.newByteChannel(Files.java:380) ~[?:?]
	at java.nio.file.Files.newByteChannel(Files.java:432) ~[?:?]
	at java.nio.file.Files.readAllBytes(Files.java:3288) ~[?:?]
	at java.nio.file.Files.readString(Files.java:3366) ~[?:?]
	at java.nio.file.Files.readString(Files.java:3325) ~[?:?]
	at serverapp.ClientHandler.<init>(ClientHandler.java:37) [main/:?]
	at serverapp.Server.startServer(Server.java:22) [main/:?]
	at serverapp.Main.main(Main.java:14) [main/:?]
2023-06-04 19:20:52 INFO  Server:24 - New client connected
2023-06-04 19:22:45 INFO  Main:12 - Starting the server
2023-06-04 19:22:56 ERROR ClientHandler:52 - Error in client connection
java.net.SocketException: Connection reset
	at sun.nio.ch.NioSocketImpl.implRead(NioSocketImpl.java:323) ~[?:?]
	at sun.nio.ch.NioSocketImpl.read(NioSocketImpl.java:350) ~[?:?]
	at sun.nio.ch.NioSocketImpl$1.read(NioSocketImpl.java:803) ~[?:?]
	at java.net.Socket$SocketInputStream.read(Socket.java:966) ~[?:?]
	at java.net.Socket$SocketInputStream.read(Socket.java:961) ~[?:?]
	at java.io.DataInputStream.readUnsignedShort(DataInputStream.java:343) ~[?:?]
	at java.io.DataInputStream.readUTF(DataInputStream.java:595) ~[?:?]
	at java.io.DataInputStream.readUTF(DataInputStream.java:570) ~[?:?]
	at serverapp.ClientHandler.<init>(ClientHandler.java:35) [main/:?]
	at serverapp.Server.startServer(Server.java:22) [main/:?]
	at serverapp.Main.main(Main.java:14) [main/:?]
2023-06-04 19:22:56 INFO  Server:24 - New client connected
2023-06-04 19:22:56 ERROR ClientHandler:121 - Error handling client connection
java.net.SocketException: Connection reset
	at sun.nio.ch.NioSocketImpl.implRead(NioSocketImpl.java:325) ~[?:?]
	at sun.nio.ch.NioSocketImpl.read(NioSocketImpl.java:350) ~[?:?]
	at sun.nio.ch.NioSocketImpl$1.read(NioSocketImpl.java:803) ~[?:?]
	at java.net.Socket$SocketInputStream.read(Socket.java:966) ~[?:?]
	at java.net.Socket$SocketInputStream.read(Socket.java:961) ~[?:?]
	at java.io.DataInputStream.readUnsignedShort(DataInputStream.java:343) ~[?:?]
	at java.io.DataInputStream.readUTF(DataInputStream.java:595) ~[?:?]
	at java.io.DataInputStream.readUTF(DataInputStream.java:570) ~[?:?]
	at serverapp.ClientHandler.run(ClientHandler.java:60) [main/:?]
	at java.lang.Thread.run(Thread.java:833) [?:?]
2023-06-04 19:23:05 ERROR ClientHandler:52 - Error in client connection
java.nio.file.NoSuchFileException: db\clientsDb.txt
	at sun.nio.fs.WindowsException.translateToIOException(WindowsException.java:85) ~[?:?]
	at sun.nio.fs.WindowsException.rethrowAsIOException(WindowsException.java:103) ~[?:?]
	at sun.nio.fs.WindowsException.rethrowAsIOException(WindowsException.java:108) ~[?:?]
	at sun.nio.fs.WindowsFileSystemProvider.newByteChannel(WindowsFileSystemProvider.java:236) ~[?:?]
	at java.nio.file.Files.newByteChannel(Files.java:380) ~[?:?]
	at java.nio.file.Files.newByteChannel(Files.java:432) ~[?:?]
	at java.nio.file.Files.readAllBytes(Files.java:3288) ~[?:?]
	at java.nio.file.Files.readString(Files.java:3366) ~[?:?]
	at java.nio.file.Files.readString(Files.java:3325) ~[?:?]
	at serverapp.ClientHandler.<init>(ClientHandler.java:37) [main/:?]
	at serverapp.Server.startServer(Server.java:22) [main/:?]
	at serverapp.Main.main(Main.java:14) [main/:?]
2023-06-04 19:23:05 INFO  Server:24 - New client connected
2023-06-04 19:25:16 ERROR ClientHandler:121 - Error handling client connection
java.net.SocketException: Connection reset
	at sun.nio.ch.NioSocketImpl.implRead(NioSocketImpl.java:323) ~[?:?]
	at sun.nio.ch.NioSocketImpl.read(NioSocketImpl.java:350) ~[?:?]
	at sun.nio.ch.NioSocketImpl$1.read(NioSocketImpl.java:803) ~[?:?]
	at java.net.Socket$SocketInputStream.read(Socket.java:966) ~[?:?]
	at java.net.Socket$SocketInputStream.read(Socket.java:961) ~[?:?]
	at java.io.DataInputStream.readUnsignedShort(DataInputStream.java:343) ~[?:?]
	at java.io.DataInputStream.readUTF(DataInputStream.java:595) ~[?:?]
	at java.io.DataInputStream.readUTF(DataInputStream.java:570) ~[?:?]
	at serverapp.ClientHandler.run(ClientHandler.java:60) [main/:?]
	at java.lang.Thread.run(Thread.java:833) [?:?]
2023-06-04 19:25:58 INFO  Main:12 - Starting the server
2023-06-04 19:25:58 INFO  ClientHandler:49 - New client connected: darova
2023-06-04 19:25:58 INFO  ClientHandler:50 - Number of clients: 1
2023-06-04 19:25:58 INFO  Server:24 - New client connected
2023-06-05 01:03:29 INFO  Main:12 - Starting the server
2023-06-05 01:03:55 INFO  ClientHandler:49 - New client connected: Andrei
2023-06-05 01:03:55 INFO  ClientHandler:50 - Number of clients: 1
2023-06-05 01:03:55 INFO  Server:24 - New client connected
2023-06-05 01:04:28 INFO  Main:12 - Starting the server
2023-06-10 19:33:21 INFO  Main:12 - Starting the server
2023-06-10 19:42:41 INFO  Main:12 - Starting the server
2023-06-10 19:52:52 INFO  Main:12 - Starting the server
2023-06-10 19:52:52 INFO  ClientHandler:49 - New client connected: Daunich
2023-06-10 19:52:52 INFO  ClientHandler:50 - Number of clients: 1
2023-06-10 19:52:52 INFO  Server:24 - New client connected
2023-06-10 19:52:52 INFO  ClientHandler:49 - New client connected: Andrei
2023-06-10 19:52:52 INFO  ClientHandler:50 - Number of clients: 2
2023-06-10 19:52:52 INFO  Server:24 - New client connected
2023-06-10 19:53:16 ERROR ClientHandler:121 - Error handling client connection
java.net.SocketException: Connection reset
	at sun.nio.ch.NioSocketImpl.implRead(NioSocketImpl.java:323) ~[?:?]
	at sun.nio.ch.NioSocketImpl.read(NioSocketImpl.java:350) ~[?:?]
	at sun.nio.ch.NioSocketImpl$1.read(NioSocketImpl.java:803) ~[?:?]
	at java.net.Socket$SocketInputStream.read(Socket.java:966) ~[?:?]
	at java.net.Socket$SocketInputStream.read(Socket.java:961) ~[?:?]
	at java.io.DataInputStream.readUnsignedShort(DataInputStream.java:343) ~[?:?]
	at java.io.DataInputStream.readUTF(DataInputStream.java:595) ~[?:?]
	at java.io.DataInputStream.readUTF(DataInputStream.java:570) ~[?:?]
	at serverapp.ClientHandler.run(ClientHandler.java:60) [main/:?]
	at java.lang.Thread.run(Thread.java:833) [?:?]
2023-06-10 19:53:20 ERROR ClientHandler:121 - Error handling client connection
java.net.SocketException: Connection reset
	at sun.nio.ch.NioSocketImpl.implRead(NioSocketImpl.java:323) ~[?:?]
	at sun.nio.ch.NioSocketImpl.read(NioSocketImpl.java:350) ~[?:?]
	at sun.nio.ch.NioSocketImpl$1.read(NioSocketImpl.java:803) ~[?:?]
	at java.net.Socket$SocketInputStream.read(Socket.java:966) ~[?:?]
	at java.net.Socket$SocketInputStream.read(Socket.java:961) ~[?:?]
	at java.io.DataInputStream.readUnsignedShort(DataInputStream.java:343) ~[?:?]
	at java.io.DataInputStream.readUTF(DataInputStream.java:595) ~[?:?]
	at java.io.DataInputStream.readUTF(DataInputStream.java:570) ~[?:?]
	at serverapp.ClientHandler.run(ClientHandler.java:60) [main/:?]
	at java.lang.Thread.run(Thread.java:833) [?:?]
2023-06-10 20:00:21 INFO  ClientHandler:49 - New client connected: user1
2023-06-10 20:00:21 INFO  ClientHandler:50 - Number of clients: 1
2023-06-10 20:00:21 INFO  Server:24 - New client connected
2023-06-10 20:00:24 ERROR ClientHandler:121 - Error handling client connection
java.net.SocketException: Connection reset
	at sun.nio.ch.NioSocketImpl.implRead(NioSocketImpl.java:323) ~[?:?]
	at sun.nio.ch.NioSocketImpl.read(NioSocketImpl.java:350) ~[?:?]
	at sun.nio.ch.NioSocketImpl$1.read(NioSocketImpl.java:803) ~[?:?]
	at java.net.Socket$SocketInputStream.read(Socket.java:966) ~[?:?]
	at java.net.Socket$SocketInputStream.read(Socket.java:961) ~[?:?]
	at java.io.DataInputStream.readUnsignedShort(DataInputStream.java:343) ~[?:?]
	at java.io.DataInputStream.readUTF(DataInputStream.java:595) ~[?:?]
	at java.io.DataInputStream.readUTF(DataInputStream.java:570) ~[?:?]
	at serverapp.ClientHandler.run(ClientHandler.java:60) [main/:?]
	at java.lang.Thread.run(Thread.java:833) [?:?]
2023-06-10 20:00:42 INFO  ClientHandler:49 - New client connected: user11
2023-06-10 20:00:42 INFO  ClientHandler:50 - Number of clients: 1
2023-06-10 20:00:42 INFO  Server:24 - New client connected
2023-06-10 20:00:48 INFO  ClientHandler:49 - New client connected: user22
2023-06-10 20:00:48 INFO  ClientHandler:50 - Number of clients: 2
2023-06-10 20:00:48 INFO  Server:24 - New client connected
2023-06-10 20:00:57 ERROR ClientHandler:121 - Error handling client connection
java.net.SocketException: Connection reset
	at sun.nio.ch.NioSocketImpl.implRead(NioSocketImpl.java:323) ~[?:?]
	at sun.nio.ch.NioSocketImpl.read(NioSocketImpl.java:350) ~[?:?]
	at sun.nio.ch.NioSocketImpl$1.read(NioSocketImpl.java:803) ~[?:?]
	at java.net.Socket$SocketInputStream.read(Socket.java:966) ~[?:?]
	at java.net.Socket$SocketInputStream.read(Socket.java:961) ~[?:?]
	at java.io.DataInputStream.readUnsignedShort(DataInputStream.java:343) ~[?:?]
	at java.io.DataInputStream.readUTF(DataInputStream.java:595) ~[?:?]
	at java.io.DataInputStream.readUTF(DataInputStream.java:570) ~[?:?]
	at serverapp.ClientHandler.run(ClientHandler.java:60) [main/:?]
	at java.lang.Thread.run(Thread.java:833) [?:?]
2023-06-10 20:00:59 ERROR ClientHandler:121 - Error handling client connection
java.net.SocketException: Connection reset
	at sun.nio.ch.NioSocketImpl.implRead(NioSocketImpl.java:323) ~[?:?]
	at sun.nio.ch.NioSocketImpl.read(NioSocketImpl.java:350) ~[?:?]
	at sun.nio.ch.NioSocketImpl$1.read(NioSocketImpl.java:803) ~[?:?]
	at java.net.Socket$SocketInputStream.read(Socket.java:966) ~[?:?]
	at java.net.Socket$SocketInputStream.read(Socket.java:961) ~[?:?]
	at java.io.DataInputStream.readUnsignedShort(DataInputStream.java:343) ~[?:?]
	at java.io.DataInputStream.readUTF(DataInputStream.java:595) ~[?:?]
	at java.io.DataInputStream.readUTF(DataInputStream.java:570) ~[?:?]
	at serverapp.ClientHandler.run(ClientHandler.java:60) [main/:?]
	at java.lang.Thread.run(Thread.java:833) [?:?]
2023-06-10 20:01:35 INFO  ClientHandler:49 - New client connected: halo
2023-06-10 20:01:35 INFO  ClientHandler:50 - Number of clients: 1
2023-06-10 20:01:35 INFO  Server:24 - New client connected
2023-06-10 20:11:35 ERROR Server:27 - Error accepting client connection
java.net.SocketTimeoutException: Accept timed out
	at sun.nio.ch.NioSocketImpl.timedAccept(NioSocketImpl.java:708) ~[?:?]
	at sun.nio.ch.NioSocketImpl.accept(NioSocketImpl.java:752) ~[?:?]
	at java.net.ServerSocket.implAccept(ServerSocket.java:675) ~[?:?]
	at java.net.ServerSocket.platformImplAccept(ServerSocket.java:641) ~[?:?]
	at java.net.ServerSocket.implAccept(ServerSocket.java:617) ~[?:?]
	at java.net.ServerSocket.implAccept(ServerSocket.java:574) ~[?:?]
	at java.net.ServerSocket.accept(ServerSocket.java:532) ~[?:?]
	at serverapp.Server.startServer(Server.java:21) [main/:?]
	at serverapp.Main.main(Main.java:14) [main/:?]
2023-06-10 20:11:35 INFO  Main:15 - Server started on port 9876
2023-06-10 20:13:29 ERROR ClientHandler:121 - Error handling client connection
java.net.SocketException: Connection reset
	at sun.nio.ch.NioSocketImpl.implRead(NioSocketImpl.java:323) ~[?:?]
	at sun.nio.ch.NioSocketImpl.read(NioSocketImpl.java:350) ~[?:?]
	at sun.nio.ch.NioSocketImpl$1.read(NioSocketImpl.java:803) ~[?:?]
	at java.net.Socket$SocketInputStream.read(Socket.java:966) ~[?:?]
	at java.net.Socket$SocketInputStream.read(Socket.java:961) ~[?:?]
	at java.io.DataInputStream.readUnsignedShort(DataInputStream.java:343) ~[?:?]
	at java.io.DataInputStream.readUTF(DataInputStream.java:595) ~[?:?]
	at java.io.DataInputStream.readUTF(DataInputStream.java:570) ~[?:?]
	at serverapp.ClientHandler.run(ClientHandler.java:60) [main/:?]
	at java.lang.Thread.run(Thread.java:833) [?:?]
2023-06-10 20:13:59 INFO  Main:12 - Starting the server
2023-06-10 20:19:05 INFO  ClientHandler:49 - New client connected: Andrei
2023-06-10 20:19:05 INFO  ClientHandler:50 - Number of clients: 1
2023-06-10 20:19:05 INFO  Server:24 - New client connected
2023-06-10 20:21:00 INFO  Main:12 - Starting the server
2023-06-10 20:22:27 INFO  ClientHandler:49 - New client connected: user
2023-06-10 20:22:27 INFO  ClientHandler:50 - Number of clients: 1
2023-06-10 20:22:27 INFO  Server:24 - New client connected
2023-06-10 20:29:11 INFO  Main:12 - Starting the server
2023-06-10 20:30:17 INFO  Main:12 - Starting the server
2023-06-10 20:37:23 INFO  Main:12 - Starting the server
2023-06-10 20:40:06 INFO  Main:12 - Starting the server
2023-06-10 20:47:23 ERROR Server:27 - Error accepting client connection
java.net.SocketTimeoutException: Accept timed out
	at sun.nio.ch.NioSocketImpl.timedAccept(NioSocketImpl.java:708) ~[?:?]
	at sun.nio.ch.NioSocketImpl.accept(NioSocketImpl.java:752) ~[?:?]
	at java.net.ServerSocket.implAccept(ServerSocket.java:675) ~[?:?]
	at java.net.ServerSocket.platformImplAccept(ServerSocket.java:641) ~[?:?]
	at java.net.ServerSocket.implAccept(ServerSocket.java:617) ~[?:?]
	at java.net.ServerSocket.implAccept(ServerSocket.java:574) ~[?:?]
	at java.net.ServerSocket.accept(ServerSocket.java:532) ~[?:?]
	at serverapp.Server.startServer(Server.java:21) [main/:?]
	at serverapp.Main.main(Main.java:14) [main/:?]
2023-06-10 20:47:23 INFO  Main:15 - Server started on port 9876
2023-06-10 21:00:41 INFO  Main:12 - Starting the server
2023-06-10 21:02:27 INFO  Main:12 - Starting the server
2023-06-10 21:12:27 ERROR Server:27 - Error accepting client connection
java.net.SocketTimeoutException: Accept timed out
	at sun.nio.ch.NioSocketImpl.timedAccept(NioSocketImpl.java:708) ~[?:?]
	at sun.nio.ch.NioSocketImpl.accept(NioSocketImpl.java:752) ~[?:?]
	at java.net.ServerSocket.implAccept(ServerSocket.java:675) ~[?:?]
	at java.net.ServerSocket.platformImplAccept(ServerSocket.java:641) ~[?:?]
	at java.net.ServerSocket.implAccept(ServerSocket.java:617) ~[?:?]
	at java.net.ServerSocket.implAccept(ServerSocket.java:574) ~[?:?]
	at java.net.ServerSocket.accept(ServerSocket.java:532) ~[?:?]
	at serverapp.Server.startServer(Server.java:21) [main/:?]
	at serverapp.Main.main(Main.java:14) [main/:?]
2023-06-10 21:12:27 INFO  Main:15 - Server started on port 9876
2023-06-10 21:22:39 INFO  Main:12 - Starting the server
2023-06-10 21:32:08 INFO  Server:36 - Server closed
2023-06-10 21:32:08 INFO  Server:36 - Server closed
2023-06-10 21:32:08 INFO  Server:36 - Server closed
2023-06-10 21:32:08 ERROR ClientHandler:52 - Error in client connection
java.io.EOFException: null
	at java.io.DataInputStream.readUnsignedShort(DataInputStream.java:346) ~[?:?]
	at java.io.DataInputStream.readUTF(DataInputStream.java:595) ~[?:?]
	at java.io.DataInputStream.readUTF(DataInputStream.java:570) ~[?:?]
	at serverapp.ClientHandler.<init>(ClientHandler.java:35) ~[main/:?]
	at serverapp.Server.startServer(Server.java:22) ~[main/:?]
	at serverapp.ServerTest.lambda$testStartServer$1(ServerTest.java:50) ~[test/:?]
	at java.lang.Thread.run(Thread.java:833) [?:?]
2023-06-10 21:32:08 INFO  Server:24 - New client connected
2023-06-10 21:32:08 ERROR ClientHandler:121 - Error handling client connection
java.io.EOFException: null
	at java.io.DataInputStream.readUnsignedShort(DataInputStream.java:346) ~[?:?]
	at java.io.DataInputStream.readUTF(DataInputStream.java:595) ~[?:?]
	at java.io.DataInputStream.readUTF(DataInputStream.java:570) ~[?:?]
	at serverapp.ClientHandler.run(ClientHandler.java:60) [main/:?]
	at java.lang.Thread.run(Thread.java:833) [?:?]
2023-06-10 21:40:25 INFO  Server:36 - Server closed
2023-06-10 21:40:25 INFO  Server:36 - Server closed
2023-06-10 21:40:25 INFO  Server:36 - Server closed
2023-06-10 21:40:25 ERROR ClientHandler:52 - Error in client connection
java.io.EOFException: null
	at java.io.DataInputStream.readUnsignedShort(DataInputStream.java:346) ~[?:?]
	at java.io.DataInputStream.readUTF(DataInputStream.java:595) ~[?:?]
	at java.io.DataInputStream.readUTF(DataInputStream.java:570) ~[?:?]
	at serverapp.ClientHandler.<init>(ClientHandler.java:35) ~[main/:?]
	at serverapp.Server.startServer(Server.java:22) ~[main/:?]
	at serverapp.ServerTest.lambda$testStartServer$1(ServerTest.java:45) ~[test/:?]
	at java.lang.Thread.run(Thread.java:833) [?:?]
2023-06-10 21:41:40 INFO  Server:36 - Server closed
2023-06-10 21:41:40 INFO  Server:36 - Server closed
2023-06-10 21:41:40 INFO  Server:36 - Server closed
2023-06-10 21:41:40 ERROR ClientHandler:52 - Error in client connection
java.io.EOFException: null
	at java.io.DataInputStream.readUnsignedShort(DataInputStream.java:346) ~[?:?]
	at java.io.DataInputStream.readUTF(DataInputStream.java:595) ~[?:?]
	at java.io.DataInputStream.readUTF(DataInputStream.java:570) ~[?:?]
	at serverapp.ClientHandler.<init>(ClientHandler.java:35) ~[main/:?]
	at serverapp.Server.startServer(Server.java:22) ~[main/:?]
	at serverapp.ServerTest.lambda$testStartServer$1(ServerTest.java:45) ~[test/:?]
	at java.lang.Thread.run(Thread.java:833) [?:?]
2023-06-10 21:50:26 INFO  Main:12 - Starting the server
2023-06-10 22:04:45 INFO  Server:36 - Server closed
2023-06-10 22:04:45 INFO  Server:36 - Server closed
2023-06-10 22:04:45 INFO  Server:36 - Server closed
2023-06-10 22:04:45 ERROR ClientHandler:52 - Error in client connection
java.io.EOFException: null
	at java.io.DataInputStream.readUnsignedShort(DataInputStream.java:346) ~[?:?]
	at java.io.DataInputStream.readUTF(DataInputStream.java:595) ~[?:?]
	at java.io.DataInputStream.readUTF(DataInputStream.java:570) ~[?:?]
	at serverapp.ClientHandler.<init>(ClientHandler.java:35) ~[main/:?]
	at serverapp.Server.startServer(Server.java:22) ~[main/:?]
	at serverapp.ServerTest.lambda$testStartServer$1(ServerTest.java:45) ~[test/:?]
	at java.lang.Thread.run(Thread.java:833) [?:?]
2023-06-10 22:07:15 INFO  Server:36 - Server closed
2023-06-10 22:07:15 INFO  Server:36 - Server closed
2023-06-10 22:07:15 INFO  Server:36 - Server closed
2023-06-10 22:07:15 ERROR ClientHandler:52 - Error in client connection
java.io.EOFException: null
	at java.io.DataInputStream.readUnsignedShort(DataInputStream.java:346) ~[?:?]
	at java.io.DataInputStream.readUTF(DataInputStream.java:595) ~[?:?]
	at java.io.DataInputStream.readUTF(DataInputStream.java:570) ~[?:?]
	at serverapp.ClientHandler.<init>(ClientHandler.java:35) ~[main/:?]
	at serverapp.Server.startServer(Server.java:22) ~[main/:?]
	at serverapp.ServerTest.lambda$testStartServer$1(ServerTest.java:45) ~[test/:?]
	at java.lang.Thread.run(Thread.java:833) [?:?]
2023-06-10 22:07:15 INFO  Server:24 - New client connected
2023-06-10 22:09:55 INFO  Server:36 - Server closed
2023-06-10 22:09:55 INFO  Server:36 - Server closed
2023-06-10 22:09:55 INFO  Server:36 - Server closed
2023-06-10 22:09:55 ERROR ClientHandler:56 - Error in client connection
java.io.EOFException: null
	at java.io.DataInputStream.readUnsignedShort(DataInputStream.java:346) ~[?:?]
	at java.io.DataInputStream.readUTF(DataInputStream.java:595) ~[?:?]
	at java.io.DataInputStream.readUTF(DataInputStream.java:570) ~[?:?]
	at serverapp.ClientHandler.<init>(ClientHandler.java:39) ~[main/:?]
	at serverapp.Server.startServer(Server.java:22) ~[main/:?]
	at serverapp.ServerTest.lambda$testStartServer$1(ServerTest.java:45) ~[test/:?]
	at java.lang.Thread.run(Thread.java:833) [?:?]
2023-06-10 22:11:02 INFO  Server:36 - Server closed
2023-06-10 22:11:02 INFO  Server:36 - Server closed
2023-06-10 22:11:02 INFO  Server:36 - Server closed
2023-06-10 22:11:02 ERROR ClientHandler:56 - Error in client connection
java.io.EOFException: null
	at java.io.DataInputStream.readUnsignedShort(DataInputStream.java:346) ~[?:?]
	at java.io.DataInputStream.readUTF(DataInputStream.java:595) ~[?:?]
	at java.io.DataInputStream.readUTF(DataInputStream.java:570) ~[?:?]
	at serverapp.ClientHandler.<init>(ClientHandler.java:39) ~[main/:?]
	at serverapp.Server.startServer(Server.java:22) ~[main/:?]
	at serverapp.ServerTest.lambda$testStartServer$1(ServerTest.java:45) ~[test/:?]
	at java.lang.Thread.run(Thread.java:833) [?:?]
2023-06-10 22:11:02 INFO  Server:24 - New client connected
2023-06-10 22:11:02 ERROR ClientHandler:141 - Error handling client connection
java.io.EOFException: null
	at java.io.DataInputStream.readUnsignedShort(DataInputStream.java:346) ~[?:?]
	at java.io.DataInputStream.readUTF(DataInputStream.java:595) ~[?:?]
	at java.io.DataInputStream.readUTF(DataInputStream.java:570) ~[?:?]
	at serverapp.ClientHandler.run(ClientHandler.java:80) [main/:?]
	at java.lang.Thread.run(Thread.java:833) [?:?]
2023-06-10 22:16:36 INFO  Server:36 - Server closed
2023-06-10 22:16:36 INFO  Server:36 - Server closed
2023-06-10 22:16:36 INFO  Server:36 - Server closed
2023-06-10 22:16:36 ERROR ClientHandler:56 - Error in client connection
java.io.EOFException: null
	at java.io.DataInputStream.readUnsignedShort(DataInputStream.java:346) ~[?:?]
	at java.io.DataInputStream.readUTF(DataInputStream.java:595) ~[?:?]
	at java.io.DataInputStream.readUTF(DataInputStream.java:570) ~[?:?]
	at serverapp.ClientHandler.<init>(ClientHandler.java:39) ~[main/:?]
	at serverapp.Server.startServer(Server.java:22) ~[main/:?]
	at serverapp.ServerTest.lambda$testStartServer$1(ServerTest.java:45) ~[test/:?]
	at java.lang.Thread.run(Thread.java:833) [?:?]
2023-06-10 22:17:46 INFO  Server:36 - Server closed
2023-06-10 22:17:46 INFO  Server:36 - Server closed
2023-06-10 22:17:46 INFO  Server:36 - Server closed
2023-06-10 22:17:46 ERROR ClientHandler:56 - Error in client connection
java.io.EOFException: null
	at java.io.DataInputStream.readUnsignedShort(DataInputStream.java:346) ~[?:?]
	at java.io.DataInputStream.readUTF(DataInputStream.java:595) ~[?:?]
	at java.io.DataInputStream.readUTF(DataInputStream.java:570) ~[?:?]
	at serverapp.ClientHandler.<init>(ClientHandler.java:39) ~[main/:?]
	at serverapp.Server.startServer(Server.java:22) ~[main/:?]
	at serverapp.ServerTest.lambda$testStartServer$1(ServerTest.java:45) ~[test/:?]
	at java.lang.Thread.run(Thread.java:833) [?:?]
2023-06-10 22:18:23 INFO  Server:36 - Server closed
2023-06-10 22:18:23 INFO  Server:36 - Server closed
2023-06-10 22:18:23 INFO  Server:36 - Server closed
2023-06-10 22:18:23 ERROR ClientHandler:56 - Error in client connection
java.io.EOFException: null
	at java.io.DataInputStream.readUnsignedShort(DataInputStream.java:346) ~[?:?]
	at java.io.DataInputStream.readUTF(DataInputStream.java:595) ~[?:?]
	at java.io.DataInputStream.readUTF(DataInputStream.java:570) ~[?:?]
	at serverapp.ClientHandler.<init>(ClientHandler.java:39) ~[main/:?]
	at serverapp.Server.startServer(Server.java:22) ~[main/:?]
	at serverapp.ServerTest.lambda$testStartServer$1(ServerTest.java:45) ~[test/:?]
	at java.lang.Thread.run(Thread.java:833) [?:?]
2023-06-10 22:18:53 INFO  Server:36 - Server closed
2023-06-10 22:18:53 INFO  Server:36 - Server closed
2023-06-10 22:18:53 INFO  Server:36 - Server closed
2023-06-10 22:18:53 ERROR ClientHandler:56 - Error in client connection
java.io.EOFException: null
	at java.io.DataInputStream.readUnsignedShort(DataInputStream.java:346) ~[?:?]
	at java.io.DataInputStream.readUTF(DataInputStream.java:595) ~[?:?]
	at java.io.DataInputStream.readUTF(DataInputStream.java:570) ~[?:?]
	at serverapp.ClientHandler.<init>(ClientHandler.java:39) ~[main/:?]
	at serverapp.Server.startServer(Server.java:22) ~[main/:?]
	at serverapp.ServerTest.lambda$testStartServer$1(ServerTest.java:45) ~[test/:?]
	at java.lang.Thread.run(Thread.java:833) [?:?]
2023-06-10 22:19:16 INFO  Server:36 - Server closed
2023-06-10 22:19:16 INFO  Server:36 - Server closed
2023-06-10 22:19:16 INFO  Server:36 - Server closed
2023-06-10 22:19:16 ERROR ClientHandler:56 - Error in client connection
java.io.EOFException: null
	at java.io.DataInputStream.readUnsignedShort(DataInputStream.java:346) ~[?:?]
	at java.io.DataInputStream.readUTF(DataInputStream.java:595) ~[?:?]
	at java.io.DataInputStream.readUTF(DataInputStream.java:570) ~[?:?]
	at serverapp.ClientHandler.<init>(ClientHandler.java:39) ~[main/:?]
	at serverapp.Server.startServer(Server.java:22) ~[main/:?]
	at serverapp.ServerTest.lambda$testStartServer$1(ServerTest.java:45) ~[test/:?]
	at java.lang.Thread.run(Thread.java:833) [?:?]
2023-06-10 22:34:58 INFO  Main:12 - Starting the server
2023-06-10 22:35:10 INFO  Server:36 - Server closed
2023-06-10 22:35:10 INFO  Server:36 - Server closed
2023-06-10 22:35:10 INFO  Server:36 - Server closed
2023-06-10 22:35:10 ERROR ClientHandler:56 - Error in client connection
java.io.EOFException: null
	at java.io.DataInputStream.readUnsignedShort(DataInputStream.java:346) ~[?:?]
	at java.io.DataInputStream.readUTF(DataInputStream.java:595) ~[?:?]
	at java.io.DataInputStream.readUTF(DataInputStream.java:570) ~[?:?]
	at serverapp.ClientHandler.<init>(ClientHandler.java:39) ~[main/:?]
	at serverapp.Server.startServer(Server.java:22) ~[main/:?]
	at serverapp.ServerTest.lambda$testStartServer$1(ServerTest.java:45) ~[test/:?]
	at java.lang.Thread.run(Thread.java:833) [?:?]
2023-06-10 22:36:38 INFO  Server:36 - Server closed
2023-06-10 22:36:38 INFO  Server:36 - Server closed
2023-06-10 22:36:38 INFO  Server:36 - Server closed
2023-06-10 22:36:38 ERROR ClientHandler:56 - Error in client connection
java.io.EOFException: null
	at java.io.DataInputStream.readUnsignedShort(DataInputStream.java:346) ~[?:?]
	at java.io.DataInputStream.readUTF(DataInputStream.java:595) ~[?:?]
	at java.io.DataInputStream.readUTF(DataInputStream.java:570) ~[?:?]
	at serverapp.ClientHandler.<init>(ClientHandler.java:39) ~[main/:?]
	at serverapp.Server.startServer(Server.java:22) ~[main/:?]
	at serverapp.ServerTest.lambda$testStartServer$1(ServerTest.java:45) ~[test/:?]
	at java.lang.Thread.run(Thread.java:833) [?:?]
2023-06-10 22:37:01 INFO  Server:36 - Server closed
2023-06-10 22:37:01 INFO  Server:36 - Server closed
2023-06-10 22:37:01 INFO  Server:36 - Server closed
2023-06-10 22:37:01 ERROR ClientHandler:56 - Error in client connection
java.io.EOFException: null
	at java.io.DataInputStream.readUnsignedShort(DataInputStream.java:346) ~[?:?]
	at java.io.DataInputStream.readUTF(DataInputStream.java:595) ~[?:?]
	at java.io.DataInputStream.readUTF(DataInputStream.java:570) ~[?:?]
	at serverapp.ClientHandler.<init>(ClientHandler.java:39) ~[main/:?]
	at serverapp.Server.startServer(Server.java:22) ~[main/:?]
	at serverapp.ServerTest.lambda$testStartServer$1(ServerTest.java:45) ~[test/:?]
	at java.lang.Thread.run(Thread.java:833) [?:?]
2023-06-10 22:37:24 INFO  Server:36 - Server closed
2023-06-10 22:37:24 INFO  Server:36 - Server closed
2023-06-10 22:37:24 INFO  Server:36 - Server closed
2023-06-10 22:37:24 ERROR ClientHandler:56 - Error in client connection
java.io.EOFException: null
	at java.io.DataInputStream.readUnsignedShort(DataInputStream.java:346) ~[?:?]
	at java.io.DataInputStream.readUTF(DataInputStream.java:595) ~[?:?]
	at java.io.DataInputStream.readUTF(DataInputStream.java:570) ~[?:?]
	at serverapp.ClientHandler.<init>(ClientHandler.java:39) ~[main/:?]
	at serverapp.Server.startServer(Server.java:22) ~[main/:?]
	at serverapp.ServerTest.lambda$testStartServer$1(ServerTest.java:45) ~[test/:?]
	at java.lang.Thread.run(Thread.java:833) [?:?]
2023-06-10 22:41:27 INFO  Server:36 - Server closed
2023-06-10 22:41:27 INFO  Server:36 - Server closed
2023-06-10 22:41:27 INFO  Server:36 - Server closed
2023-06-10 22:41:27 ERROR ClientHandler:56 - Error in client connection
java.io.EOFException: null
	at java.io.DataInputStream.readUnsignedShort(DataInputStream.java:346) ~[?:?]
	at java.io.DataInputStream.readUTF(DataInputStream.java:595) ~[?:?]
	at java.io.DataInputStream.readUTF(DataInputStream.java:570) ~[?:?]
	at serverapp.ClientHandler.<init>(ClientHandler.java:39) ~[main/:?]
	at serverapp.Server.startServer(Server.java:22) ~[main/:?]
	at serverapp.ServerTest.lambda$testStartServer$1(ServerTest.java:45) ~[test/:?]
	at java.lang.Thread.run(Thread.java:833) [?:?]
2023-06-10 22:42:33 INFO  Server:36 - Server closed
2023-06-10 22:42:33 INFO  Server:36 - Server closed
2023-06-10 22:42:33 INFO  Server:36 - Server closed
2023-06-10 22:42:33 ERROR ClientHandler:56 - Error in client connection
java.io.EOFException: null
	at java.io.DataInputStream.readUnsignedShort(DataInputStream.java:346) ~[?:?]
	at java.io.DataInputStream.readUTF(DataInputStream.java:595) ~[?:?]
	at java.io.DataInputStream.readUTF(DataInputStream.java:570) ~[?:?]
	at serverapp.ClientHandler.<init>(ClientHandler.java:39) ~[main/:?]
	at serverapp.Server.startServer(Server.java:22) ~[main/:?]
	at serverapp.ServerTest.lambda$testStartServer$1(ServerTest.java:45) ~[test/:?]
	at java.lang.Thread.run(Thread.java:833) [?:?]
2023-06-10 22:44:01 INFO  Server:36 - Server closed
2023-06-10 22:44:01 INFO  Server:36 - Server closed
2023-06-10 22:44:01 INFO  Server:36 - Server closed
2023-06-10 22:44:01 ERROR ClientHandler:56 - Error in client connection
java.io.EOFException: null
	at java.io.DataInputStream.readUnsignedShort(DataInputStream.java:346) ~[?:?]
	at java.io.DataInputStream.readUTF(DataInputStream.java:595) ~[?:?]
	at java.io.DataInputStream.readUTF(DataInputStream.java:570) ~[?:?]
	at serverapp.ClientHandler.<init>(ClientHandler.java:39) ~[main/:?]
	at serverapp.Server.startServer(Server.java:22) ~[main/:?]
	at serverapp.ServerTest.lambda$testStartServer$1(ServerTest.java:45) ~[test/:?]
	at java.lang.Thread.run(Thread.java:833) [?:?]
2023-06-10 22:48:27 INFO  Server:36 - Server closed
2023-06-10 22:48:27 INFO  Server:36 - Server closed
2023-06-10 22:48:27 INFO  Server:36 - Server closed
2023-06-10 22:48:27 ERROR ClientHandler:56 - Error in client connection
java.io.EOFException: null
	at java.io.DataInputStream.readUnsignedShort(DataInputStream.java:346) ~[?:?]
	at java.io.DataInputStream.readUTF(DataInputStream.java:595) ~[?:?]
	at java.io.DataInputStream.readUTF(DataInputStream.java:570) ~[?:?]
	at serverapp.ClientHandler.<init>(ClientHandler.java:39) ~[main/:?]
	at serverapp.Server.startServer(Server.java:22) ~[main/:?]
	at serverapp.ServerTest.lambda$testStartServer$1(ServerTest.java:45) ~[test/:?]
	at java.lang.Thread.run(Thread.java:833) [?:?]
2023-06-10 22:52:25 INFO  Server:36 - Server closed
2023-06-10 22:52:25 INFO  Server:36 - Server closed
2023-06-10 22:52:25 INFO  Server:36 - Server closed
2023-06-10 22:52:25 ERROR ClientHandler:56 - Error in client connection
java.io.EOFException: null
	at java.io.DataInputStream.readUnsignedShort(DataInputStream.java:346) ~[?:?]
	at java.io.DataInputStream.readUTF(DataInputStream.java:595) ~[?:?]
	at java.io.DataInputStream.readUTF(DataInputStream.java:570) ~[?:?]
	at serverapp.ClientHandler.<init>(ClientHandler.java:39) ~[main/:?]
	at serverapp.Server.startServer(Server.java:22) ~[main/:?]
	at serverapp.ServerTest.lambda$testStartServer$1(ServerTest.java:45) ~[test/:?]
	at java.lang.Thread.run(Thread.java:833) [?:?]
2023-06-10 22:52:51 INFO  Server:36 - Server closed
2023-06-10 22:52:51 INFO  Server:36 - Server closed
2023-06-10 22:52:51 INFO  Server:36 - Server closed
2023-06-10 22:52:51 ERROR ClientHandler:56 - Error in client connection
java.io.EOFException: null
	at java.io.DataInputStream.readUnsignedShort(DataInputStream.java:346) ~[?:?]
	at java.io.DataInputStream.readUTF(DataInputStream.java:595) ~[?:?]
	at java.io.DataInputStream.readUTF(DataInputStream.java:570) ~[?:?]
	at serverapp.ClientHandler.<init>(ClientHandler.java:39) ~[main/:?]
	at serverapp.Server.startServer(Server.java:22) ~[main/:?]
	at serverapp.ServerTest.lambda$testStartServer$1(ServerTest.java:45) ~[test/:?]
	at java.lang.Thread.run(Thread.java:833) [?:?]
2023-06-10 22:53:21 INFO  Server:36 - Server closed
2023-06-10 22:53:21 INFO  Server:36 - Server closed
2023-06-10 22:53:21 INFO  Server:36 - Server closed
2023-06-10 22:53:21 ERROR ClientHandler:56 - Error in client connection
java.io.EOFException: null
	at java.io.DataInputStream.readUnsignedShort(DataInputStream.java:346) ~[?:?]
	at java.io.DataInputStream.readUTF(DataInputStream.java:595) ~[?:?]
	at java.io.DataInputStream.readUTF(DataInputStream.java:570) ~[?:?]
	at serverapp.ClientHandler.<init>(ClientHandler.java:39) ~[main/:?]
	at serverapp.Server.startServer(Server.java:22) ~[main/:?]
	at serverapp.ServerTest.lambda$testStartServer$1(ServerTest.java:45) ~[test/:?]
	at java.lang.Thread.run(Thread.java:833) [?:?]
2023-06-10 22:55:11 INFO  Server:36 - Server closed
2023-06-10 22:55:12 INFO  Server:36 - Server closed
2023-06-10 22:55:12 INFO  Server:36 - Server closed
2023-06-10 22:55:12 ERROR ClientHandler:56 - Error in client connection
java.io.EOFException: null
	at java.io.DataInputStream.readUnsignedShort(DataInputStream.java:346) ~[?:?]
	at java.io.DataInputStream.readUTF(DataInputStream.java:595) ~[?:?]
	at java.io.DataInputStream.readUTF(DataInputStream.java:570) ~[?:?]
	at serverapp.ClientHandler.<init>(ClientHandler.java:39) ~[main/:?]
	at serverapp.Server.startServer(Server.java:22) ~[main/:?]
	at serverapp.ServerTest.lambda$testStartServer$1(ServerTest.java:45) ~[test/:?]
	at java.lang.Thread.run(Thread.java:833) [?:?]
2023-06-10 22:55:58 INFO  Server:36 - Server closed
2023-06-10 22:55:58 INFO  Server:36 - Server closed
2023-06-10 22:55:58 INFO  Server:36 - Server closed
2023-06-10 22:55:58 ERROR ClientHandler:56 - Error in client connection
java.io.EOFException: null
	at java.io.DataInputStream.readUnsignedShort(DataInputStream.java:346) ~[?:?]
	at java.io.DataInputStream.readUTF(DataInputStream.java:595) ~[?:?]
	at java.io.DataInputStream.readUTF(DataInputStream.java:570) ~[?:?]
	at serverapp.ClientHandler.<init>(ClientHandler.java:39) ~[main/:?]
	at serverapp.Server.startServer(Server.java:22) ~[main/:?]
	at serverapp.ServerTest.lambda$testStartServer$1(ServerTest.java:45) ~[test/:?]
	at java.lang.Thread.run(Thread.java:833) [?:?]
2023-06-10 22:55:58 INFO  Server:24 - New client connected
2023-06-10 22:56:05 INFO  Server:36 - Server closed
2023-06-10 22:56:05 INFO  Server:36 - Server closed
2023-06-10 22:56:05 INFO  Server:36 - Server closed
2023-06-10 22:56:05 ERROR ClientHandler:56 - Error in client connection
java.io.EOFException: null
	at java.io.DataInputStream.readUnsignedShort(DataInputStream.java:346) ~[?:?]
	at java.io.DataInputStream.readUTF(DataInputStream.java:595) ~[?:?]
	at java.io.DataInputStream.readUTF(DataInputStream.java:570) ~[?:?]
	at serverapp.ClientHandler.<init>(ClientHandler.java:39) ~[main/:?]
	at serverapp.Server.startServer(Server.java:22) ~[main/:?]
	at serverapp.ServerTest.lambda$testStartServer$1(ServerTest.java:45) ~[test/:?]
	at java.lang.Thread.run(Thread.java:833) [?:?]
2023-06-10 22:57:02 INFO  Main:12 - Starting the server
2023-06-10 22:57:14 INFO  Server:36 - Server closed
2023-06-10 22:57:14 INFO  Server:36 - Server closed
2023-06-10 22:57:14 INFO  Server:36 - Server closed
2023-06-10 22:57:14 ERROR ClientHandler:56 - Error in client connection
java.io.EOFException: null
	at java.io.DataInputStream.readUnsignedShort(DataInputStream.java:346) ~[?:?]
	at java.io.DataInputStream.readUTF(DataInputStream.java:595) ~[?:?]
	at java.io.DataInputStream.readUTF(DataInputStream.java:570) ~[?:?]
	at serverapp.ClientHandler.<init>(ClientHandler.java:39) ~[main/:?]
	at serverapp.Server.startServer(Server.java:22) ~[main/:?]
	at serverapp.ServerTest.lambda$testStartServer$1(ServerTest.java:45) ~[test/:?]
	at java.lang.Thread.run(Thread.java:833) [?:?]
2023-06-10 23:07:38 INFO  Server:36 - Server closed
2023-06-10 23:07:38 INFO  Server:36 - Server closed
2023-06-10 23:07:38 INFO  Server:36 - Server closed
2023-06-10 23:07:38 ERROR ClientHandler:56 - Error in client connection
java.io.EOFException: null
	at java.io.DataInputStream.readUnsignedShort(DataInputStream.java:346) ~[?:?]
	at java.io.DataInputStream.readUTF(DataInputStream.java:595) ~[?:?]
	at java.io.DataInputStream.readUTF(DataInputStream.java:570) ~[?:?]
	at serverapp.ClientHandler.<init>(ClientHandler.java:39) ~[main/:?]
	at serverapp.Server.startServer(Server.java:22) ~[main/:?]
	at serverapp.ServerTest.lambda$testStartServer$1(ServerTest.java:45) ~[test/:?]
	at java.lang.Thread.run(Thread.java:833) [?:?]
2023-06-10 23:08:56 INFO  Main:12 - Starting the server
2023-06-10 23:09:04 INFO  Server:36 - Server closed
2023-06-10 23:09:04 INFO  Server:36 - Server closed
2023-06-10 23:09:04 INFO  Server:36 - Server closed
2023-06-10 23:09:04 ERROR ClientHandler:56 - Error in client connection
java.io.EOFException: null
	at java.io.DataInputStream.readUnsignedShort(DataInputStream.java:346) ~[?:?]
	at java.io.DataInputStream.readUTF(DataInputStream.java:595) ~[?:?]
	at java.io.DataInputStream.readUTF(DataInputStream.java:570) ~[?:?]
	at serverapp.ClientHandler.<init>(ClientHandler.java:39) ~[main/:?]
	at serverapp.Server.startServer(Server.java:22) ~[main/:?]
	at serverapp.ServerTest.lambda$testStartServer$1(ServerTest.java:45) ~[test/:?]
	at java.lang.Thread.run(Thread.java:833) [?:?]
2023-06-10 23:11:26 INFO  Server:36 - Server closed
2023-06-10 23:11:26 INFO  Server:36 - Server closed
2023-06-10 23:11:26 INFO  Server:36 - Server closed
2023-06-10 23:11:26 ERROR ClientHandler:56 - Error in client connection
java.io.EOFException: null
	at java.io.DataInputStream.readUnsignedShort(DataInputStream.java:346) ~[?:?]
	at java.io.DataInputStream.readUTF(DataInputStream.java:595) ~[?:?]
	at java.io.DataInputStream.readUTF(DataInputStream.java:570) ~[?:?]
	at serverapp.ClientHandler.<init>(ClientHandler.java:39) ~[main/:?]
	at serverapp.Server.startServer(Server.java:22) ~[main/:?]
	at serverapp.ServerTest.lambda$testStartServer$1(ServerTest.java:45) ~[test/:?]
	at java.lang.Thread.run(Thread.java:833) [?:?]
2023-06-10 23:11:26 INFO  Server:24 - New client connected
2023-06-10 23:12:27 INFO  Server:36 - Server closed
2023-06-10 23:12:27 INFO  Server:36 - Server closed
2023-06-10 23:12:27 INFO  Server:36 - Server closed
2023-06-10 23:12:27 ERROR ClientHandler:56 - Error in client connection
java.io.EOFException: null
	at java.io.DataInputStream.readUnsignedShort(DataInputStream.java:346) ~[?:?]
	at java.io.DataInputStream.readUTF(DataInputStream.java:595) ~[?:?]
	at java.io.DataInputStream.readUTF(DataInputStream.java:570) ~[?:?]
	at serverapp.ClientHandler.<init>(ClientHandler.java:39) ~[main/:?]
	at serverapp.Server.startServer(Server.java:22) ~[main/:?]
	at serverapp.ServerTest.lambda$testStartServer$1(ServerTest.java:45) ~[test/:?]
	at java.lang.Thread.run(Thread.java:833) [?:?]
2023-06-10 23:16:57 INFO  Server:36 - Server closed
2023-06-10 23:16:57 INFO  Server:36 - Server closed
2023-06-10 23:16:57 INFO  Server:36 - Server closed
2023-06-10 23:16:57 ERROR ClientHandler:56 - Error in client connection
java.io.EOFException: null
	at java.io.DataInputStream.readUnsignedShort(DataInputStream.java:346) ~[?:?]
	at java.io.DataInputStream.readUTF(DataInputStream.java:595) ~[?:?]
	at java.io.DataInputStream.readUTF(DataInputStream.java:570) ~[?:?]
	at serverapp.ClientHandler.<init>(ClientHandler.java:39) ~[main/:?]
	at serverapp.Server.startServer(Server.java:22) ~[main/:?]
	at serverapp.ServerTest.lambda$testStartServer$1(ServerTest.java:45) ~[test/:?]
	at java.lang.Thread.run(Thread.java:833) [?:?]
2023-06-10 23:19:05 INFO  Server:36 - Server closed
2023-06-10 23:19:05 INFO  Server:36 - Server closed
2023-06-10 23:19:05 INFO  Server:36 - Server closed
2023-06-10 23:19:05 ERROR ClientHandler:56 - Error in client connection
java.io.EOFException: null
	at java.io.DataInputStream.readUnsignedShort(DataInputStream.java:346) ~[?:?]
	at java.io.DataInputStream.readUTF(DataInputStream.java:595) ~[?:?]
	at java.io.DataInputStream.readUTF(DataInputStream.java:570) ~[?:?]
	at serverapp.ClientHandler.<init>(ClientHandler.java:39) ~[main/:?]
	at serverapp.Server.startServer(Server.java:22) ~[main/:?]
	at serverapp.ServerTest.lambda$testStartServer$1(ServerTest.java:45) ~[test/:?]
	at java.lang.Thread.run(Thread.java:833) [?:?]
2023-06-10 23:20:38 INFO  Server:36 - Server closed
2023-06-10 23:20:38 INFO  Server:36 - Server closed
2023-06-10 23:20:38 INFO  Server:36 - Server closed
2023-06-10 23:20:38 ERROR ClientHandler:56 - Error in client connection
java.io.EOFException: null
	at java.io.DataInputStream.readUnsignedShort(DataInputStream.java:346) ~[?:?]
	at java.io.DataInputStream.readUTF(DataInputStream.java:595) ~[?:?]
	at java.io.DataInputStream.readUTF(DataInputStream.java:570) ~[?:?]
	at serverapp.ClientHandler.<init>(ClientHandler.java:39) ~[main/:?]
	at serverapp.Server.startServer(Server.java:22) ~[main/:?]
	at serverapp.ServerTest.lambda$testStartServer$1(ServerTest.java:45) ~[test/:?]
	at java.lang.Thread.run(Thread.java:833) [?:?]
2023-06-10 23:24:55 INFO  ClientHandler:82 - New client connected: getClients
2023-06-10 23:24:55 INFO  ClientHandler:83 - Number of clients: 1
2023-06-10 23:24:55 INFO  ClientHandler:82 - New client connected: getClients
2023-06-10 23:24:55 INFO  ClientHandler:83 - Number of clients: 1
2023-06-10 23:24:55 INFO  ClientHandler:82 - New client connected: getClients
2023-06-10 23:24:55 INFO  ClientHandler:83 - Number of clients: 1
2023-06-10 23:24:55 INFO  Server:36 - Server closed
2023-06-10 23:24:55 INFO  Server:36 - Server closed
2023-06-10 23:24:55 INFO  Server:36 - Server closed
2023-06-10 23:24:55 ERROR ClientHandler:56 - Error in client connection
java.io.EOFException: null
	at java.io.DataInputStream.readUnsignedShort(DataInputStream.java:346) ~[?:?]
	at java.io.DataInputStream.readUTF(DataInputStream.java:595) ~[?:?]
	at java.io.DataInputStream.readUTF(DataInputStream.java:570) ~[?:?]
	at serverapp.ClientHandler.<init>(ClientHandler.java:39) ~[main/:?]
	at serverapp.Server.startServer(Server.java:22) ~[main/:?]
	at serverapp.ServerTest.lambda$testStartServer$1(ServerTest.java:45) ~[test/:?]
	at java.lang.Thread.run(Thread.java:833) [?:?]
2023-06-10 23:24:55 INFO  Server:24 - New client connected
2023-06-10 23:25:43 INFO  ClientHandler:82 - New client connected: getClients
2023-06-10 23:25:43 INFO  ClientHandler:83 - Number of clients: 1
2023-06-10 23:25:43 INFO  ClientHandler:82 - New client connected: getClients
2023-06-10 23:25:43 INFO  ClientHandler:83 - Number of clients: 1
2023-06-10 23:25:43 INFO  ClientHandler:82 - New client connected: getClients
2023-06-10 23:25:43 INFO  ClientHandler:83 - Number of clients: 1
2023-06-10 23:25:43 INFO  Server:36 - Server closed
2023-06-10 23:25:43 INFO  Server:36 - Server closed
2023-06-10 23:25:43 INFO  Server:36 - Server closed
2023-06-10 23:25:43 ERROR ClientHandler:56 - Error in client connection
java.io.EOFException: null
	at java.io.DataInputStream.readUnsignedShort(DataInputStream.java:346) ~[?:?]
	at java.io.DataInputStream.readUTF(DataInputStream.java:595) ~[?:?]
	at java.io.DataInputStream.readUTF(DataInputStream.java:570) ~[?:?]
	at serverapp.ClientHandler.<init>(ClientHandler.java:39) ~[main/:?]
	at serverapp.Server.startServer(Server.java:22) ~[main/:?]
	at serverapp.ServerTest.lambda$testStartServer$1(ServerTest.java:45) ~[test/:?]
	at java.lang.Thread.run(Thread.java:833) [?:?]
2023-06-10 23:25:43 INFO  Server:24 - New client connected
2023-06-10 23:25:43 ERROR ClientHandler:170 - Error handling client connection
java.io.EOFException: null
	at java.io.DataInputStream.readUnsignedShort(DataInputStream.java:346) ~[?:?]
	at java.io.DataInputStream.readUTF(DataInputStream.java:595) ~[?:?]
	at java.io.DataInputStream.readUTF(DataInputStream.java:570) ~[?:?]
	at serverapp.ClientHandler.run(ClientHandler.java:109) [main/:?]
	at java.lang.Thread.run(Thread.java:833) [?:?]
2023-06-10 23:25:53 INFO  ClientHandler:82 - New client connected: getClients
2023-06-10 23:25:53 INFO  ClientHandler:83 - Number of clients: 1
2023-06-10 23:25:53 INFO  ClientHandler:82 - New client connected: getClients
2023-06-10 23:25:53 INFO  ClientHandler:83 - Number of clients: 1
2023-06-10 23:25:53 INFO  ClientHandler:82 - New client connected: getClients
2023-06-10 23:25:53 INFO  ClientHandler:83 - Number of clients: 1
2023-06-10 23:25:53 INFO  Server:36 - Server closed
2023-06-10 23:25:53 INFO  Server:36 - Server closed
2023-06-10 23:25:53 INFO  Server:36 - Server closed
2023-06-10 23:25:53 ERROR ClientHandler:56 - Error in client connection
java.io.EOFException: null
	at java.io.DataInputStream.readUnsignedShort(DataInputStream.java:346) ~[?:?]
	at java.io.DataInputStream.readUTF(DataInputStream.java:595) ~[?:?]
	at java.io.DataInputStream.readUTF(DataInputStream.java:570) ~[?:?]
	at serverapp.ClientHandler.<init>(ClientHandler.java:39) ~[main/:?]
	at serverapp.Server.startServer(Server.java:22) ~[main/:?]
	at serverapp.ServerTest.lambda$testStartServer$1(ServerTest.java:45) ~[test/:?]
	at java.lang.Thread.run(Thread.java:833) [?:?]
2023-06-10 23:27:54 INFO  ClientHandler:82 - New client connected: getClients
2023-06-10 23:27:54 INFO  ClientHandler:83 - Number of clients: 1
2023-06-10 23:27:54 INFO  ClientHandler:82 - New client connected: getClients
2023-06-10 23:27:54 INFO  ClientHandler:83 - Number of clients: 1
2023-06-10 23:27:54 INFO  ClientHandler:82 - New client connected: getClients
2023-06-10 23:27:54 INFO  ClientHandler:83 - Number of clients: 1
2023-06-10 23:27:54 INFO  Server:36 - Server closed
2023-06-10 23:27:54 INFO  Server:36 - Server closed
2023-06-10 23:27:54 INFO  Server:36 - Server closed
2023-06-10 23:27:54 ERROR ClientHandler:56 - Error in client connection
java.io.EOFException: null
	at java.io.DataInputStream.readUnsignedShort(DataInputStream.java:346) ~[?:?]
	at java.io.DataInputStream.readUTF(DataInputStream.java:595) ~[?:?]
	at java.io.DataInputStream.readUTF(DataInputStream.java:570) ~[?:?]
	at serverapp.ClientHandler.<init>(ClientHandler.java:39) ~[main/:?]
	at serverapp.Server.startServer(Server.java:22) ~[main/:?]
	at serverapp.ServerTest.lambda$testStartServer$1(ServerTest.java:45) ~[test/:?]
	at java.lang.Thread.run(Thread.java:833) [?:?]
2023-06-10 23:30:30 INFO  ClientHandler:82 - New client connected: getClients
2023-06-10 23:30:30 INFO  ClientHandler:83 - Number of clients: 1
2023-06-10 23:30:30 INFO  ClientHandler:82 - New client connected: getClients
2023-06-10 23:30:30 INFO  ClientHandler:83 - Number of clients: 1
2023-06-10 23:30:30 INFO  ClientHandler:82 - New client connected: getClients
2023-06-10 23:30:30 INFO  ClientHandler:83 - Number of clients: 1
2023-06-10 23:30:31 INFO  Server:36 - Server closed
2023-06-10 23:30:31 INFO  Server:36 - Server closed
2023-06-10 23:30:31 INFO  Server:36 - Server closed
2023-06-10 23:30:31 ERROR Server:27 - Error accepting client connection
java.net.SocketException: Socket closed
	at sun.nio.ch.NioSocketImpl.endAccept(NioSocketImpl.java:689) ~[?:?]
	at sun.nio.ch.NioSocketImpl.accept(NioSocketImpl.java:762) ~[?:?]
	at java.net.ServerSocket.implAccept(ServerSocket.java:675) ~[?:?]
	at java.net.ServerSocket.platformImplAccept(ServerSocket.java:641) ~[?:?]
	at java.net.ServerSocket.implAccept(ServerSocket.java:617) ~[?:?]
	at java.net.ServerSocket.implAccept(ServerSocket.java:574) ~[?:?]
	at java.net.ServerSocket.accept(ServerSocket.java:532) ~[?:?]
	at serverapp.Server.startServer(Server.java:21) ~[main/:?]
	at serverapp.ServerTest.lambda$testStartServer$1(ServerTest.java:45) ~[test/:?]
	at java.lang.Thread.run(Thread.java:833) [?:?]
2023-06-10 23:30:50 INFO  Main:12 - Starting the server
