2023-06-03 00:54:23 INFO  Main:28 - GUI started
2023-06-03 00:54:28 INFO  Main:229 - Log Button Pressed
2023-06-03 00:55:00 INFO  Main:37 - new Client has been added
2023-06-03 00:55:00 INFO  Main:64 - Sending username to the server
2023-06-03 00:55:43 INFO  Main:239 - User Lits Button Pressed
2023-06-03 00:55:43 INFO  Main:146 - Refresh button executed
2023-06-03 00:55:43 INFO  Main:147 - Request server for clients
2023-06-03 00:55:43 INFO  Main:239 - User Lits Button Pressed
2023-06-03 00:55:43 INFO  Main:239 - User Lits Button Pressed
2023-06-03 00:55:43 INFO  Main:146 - Refresh button executed
2023-06-03 00:55:43 INFO  Main:147 - Request server for clients
2023-06-03 00:55:44 INFO  Main:239 - User Lits Button Pressed
2023-06-03 00:55:44 INFO  Main:239 - User Lits Button Pressed
2023-06-03 00:55:44 INFO  Main:239 - User Lits Button Pressed
2023-06-03 00:55:45 INFO  Main:239 - User Lits Button Pressed
2023-06-03 00:55:45 INFO  Main:239 - User Lits Button Pressed
2023-06-03 00:55:45 INFO  Main:239 - User Lits Button Pressed
2023-06-03 00:55:45 INFO  Main:239 - User Lits Button Pressed
2023-06-03 00:55:45 INFO  Main:239 - User Lits Button Pressed
2023-06-03 00:55:45 INFO  Main:239 - User Lits Button Pressed
2023-06-03 00:55:46 INFO  Main:239 - User Lits Button Pressed
2023-06-03 00:55:46 INFO  Main:239 - User Lits Button Pressed
2023-06-03 00:55:46 INFO  Main:239 - User Lits Button Pressed
2023-06-03 00:55:46 INFO  Main:239 - User Lits Button Pressed
2023-06-03 00:55:46 INFO  Main:239 - User Lits Button Pressed
2023-06-03 00:55:46 INFO  Main:239 - User Lits Button Pressed
2023-06-03 00:55:47 INFO  Main:239 - User Lits Button Pressed
2023-06-03 00:55:47 INFO  Main:239 - User Lits Button Pressed
2023-06-03 00:55:47 INFO  Main:239 - User Lits Button Pressed
2023-06-03 00:55:47 INFO  Main:239 - User Lits Button Pressed
2023-06-03 02:10:40 INFO  Main:28 - GUI started
2023-06-03 02:10:45 INFO  Main:229 - Log Button Pressed
2023-06-03 12:41:01 INFO  Main:37 - new Client has been added
2023-06-03 12:41:01 INFO  Main:64 - Sending username to the server
2023-06-03 13:10:11 INFO  Main:28 - GUI started
2023-06-03 13:10:11 INFO  Main:37 - new Client has been added
2023-06-03 13:10:37 INFO  Main:229 - Log Button Pressed
2023-06-03 13:10:37 INFO  Main:64 - Sending username to the server
2023-06-03 13:15:29 INFO  Main:28 - GUI started
2023-06-03 13:15:29 INFO  Main:37 - new Client has been added
2023-06-03 13:24:01 INFO  Main:28 - GUI started
2023-06-03 13:24:11 INFO  Main:229 - Log Button Pressed
2023-06-03 13:31:35 INFO  Main:28 - GUI started
2023-06-03 18:16:19 INFO  Main:28 - GUI started
2023-06-03 18:16:28 INFO  Main:229 - Log Button Pressed
2023-06-03 18:17:31 INFO  Main:37 - new Client has been added
2023-06-03 18:17:31 INFO  Main:64 - Sending username to the server
2023-06-03 18:19:57 INFO  Main:28 - GUI started
2023-06-03 18:19:57 INFO  Main:37 - new Client has been added
2023-06-03 18:20:02 INFO  Main:229 - Log Button Pressed
2023-06-03 18:20:02 INFO  Main:64 - Sending username to the server
2023-06-03 18:30:39 INFO  Main:28 - GUI started
2023-06-03 18:30:39 INFO  Main:37 - new Client has been added
2023-06-03 18:30:45 INFO  Main:229 - Log Button Pressed
2023-06-03 18:30:45 INFO  Main:64 - Sending username to the server
2023-06-03 18:53:41 INFO  Main:28 - GUI started
2023-06-03 18:53:41 INFO  Main:37 - new Client has been added
2023-06-03 18:53:48 INFO  Main:229 - Log Button Pressed
2023-06-03 18:53:48 INFO  Main:64 - Sending username to the server
2023-06-03 18:59:16 INFO  Main:28 - GUI started
2023-06-03 18:59:16 INFO  Main:37 - new Client has been added
2023-06-03 18:59:20 INFO  Main:229 - Log Button Pressed
2023-06-03 18:59:20 INFO  Main:64 - Sending username to the server
2023-06-04 18:00:18 INFO  Main:28 - GUI started
2023-06-04 18:00:19 INFO  Main:37 - new Client has been added
2023-06-04 18:00:24 INFO  Main:229 - Log Button Pressed
2023-06-04 18:00:24 INFO  Main:64 - Sending username to the server
2023-06-04 18:03:54 INFO  Main:28 - GUI started
2023-06-04 18:03:54 INFO  Main:37 - new Client has been added
2023-06-04 18:03:58 INFO  Main:229 - Log Button Pressed
2023-06-04 18:03:58 INFO  Main:64 - Sending username to the server
2023-06-04 18:10:51 INFO  Main:28 - GUI started
2023-06-04 18:10:51 INFO  Main:37 - new Client has been added
2023-06-04 18:10:57 INFO  Main:229 - Log Button Pressed
2023-06-04 18:10:57 INFO  Main:64 - Sending username to the server
2023-06-04 18:13:13 INFO  Main:28 - GUI started
2023-06-04 18:13:14 INFO  Main:37 - new Client has been added
2023-06-04 18:13:20 INFO  Main:229 - Log Button Pressed
2023-06-04 18:13:20 INFO  Main:64 - Sending username to the server
2023-06-04 19:20:10 INFO  Main:28 - GUI started
2023-06-04 19:20:30 INFO  Main:229 - Log Button Pressed
2023-06-04 19:20:52 INFO  Main:37 - new Client has been added
2023-06-04 19:20:52 INFO  Main:64 - Sending username to the server
2023-06-04 19:23:01 INFO  Main:28 - GUI started
2023-06-04 19:23:01 INFO  Main:37 - new Client has been added
2023-06-04 19:23:05 INFO  Main:229 - Log Button Pressed
2023-06-04 19:23:05 INFO  Main:64 - Sending username to the server
2023-06-04 19:25:47 INFO  Main:28 - GUI started
2023-06-04 19:25:53 INFO  Main:229 - Log Button Pressed
2023-06-04 19:25:58 INFO  Main:37 - new Client has been added
2023-06-04 19:25:58 INFO  Main:64 - Sending username to the server
2023-06-05 01:03:51 INFO  Main:28 - GUI started
2023-06-05 01:03:52 INFO  Main:37 - new Client has been added
2023-06-05 01:03:55 INFO  Main:229 - Log Button Pressed
2023-06-05 01:03:55 INFO  Main:64 - Sending username to the server
2023-06-10 19:51:57 INFO  Main:28 - GUI started
2023-06-10 19:52:04 INFO  Main:229 - Log Button Pressed
2023-06-10 19:52:18 INFO  Main:28 - GUI started
2023-06-10 19:52:23 INFO  Main:229 - Log Button Pressed
2023-06-10 19:52:52 INFO  Main:37 - new Client has been added
2023-06-10 19:52:52 INFO  Main:37 - new Client has been added
2023-06-10 19:52:52 INFO  Main:64 - Sending username to the server
2023-06-10 19:52:52 INFO  Main:64 - Sending username to the server
2023-06-10 19:52:54 INFO  Main:239 - User Lits Button Pressed
2023-06-10 19:52:54 INFO  Main:146 - Refresh button executed
2023-06-10 19:52:54 INFO  Main:147 - Request server for clients
2023-06-10 19:52:55 INFO  Main:113 - Sending message to the server
2023-06-10 19:52:55 INFO  Main:130 - Receiving message from the server
2023-06-10 19:52:55 INFO  Main:113 - Sending message to the server
2023-06-10 19:52:55 INFO  Main:130 - Receiving message from the server
2023-06-10 19:52:55 INFO  Main:113 - Sending message to the server
2023-06-10 19:52:55 INFO  Main:130 - Receiving message from the server
2023-06-10 19:52:55 INFO  Main:113 - Sending message to the server
2023-06-10 19:52:56 INFO  Main:130 - Receiving message from the server
2023-06-10 19:52:56 INFO  Main:113 - Sending message to the server
2023-06-10 19:52:56 INFO  Main:130 - Receiving message from the server
2023-06-10 19:52:56 INFO  Main:113 - Sending message to the server
2023-06-10 19:52:56 INFO  Main:130 - Receiving message from the server
2023-06-10 19:52:56 INFO  Main:113 - Sending message to the server
2023-06-10 19:52:56 INFO  Main:130 - Receiving message from the server
2023-06-10 19:52:56 INFO  Main:113 - Sending message to the server
2023-06-10 19:52:56 INFO  Main:130 - Receiving message from the server
2023-06-10 19:52:56 INFO  Main:113 - Sending message to the server
2023-06-10 19:52:56 INFO  Main:130 - Receiving message from the server
2023-06-10 19:52:56 INFO  Main:113 - Sending message to the server
2023-06-10 19:52:56 INFO  Main:130 - Receiving message from the server
2023-06-10 19:52:56 INFO  Main:113 - Sending message to the server
2023-06-10 19:52:56 INFO  Main:130 - Receiving message from the server
2023-06-10 19:52:56 INFO  Main:113 - Sending message to the server
2023-06-10 19:52:56 INFO  Main:130 - Receiving message from the server
2023-06-10 19:52:56 INFO  Main:113 - Sending message to the server
2023-06-10 19:52:56 INFO  Main:130 - Receiving message from the server
2023-06-10 19:52:57 INFO  Main:113 - Sending message to the server
2023-06-10 19:52:57 INFO  Main:130 - Receiving message from the server
2023-06-10 19:52:57 INFO  Main:113 - Sending message to the server
2023-06-10 19:52:57 INFO  Main:130 - Receiving message from the server
2023-06-10 19:52:57 INFO  Main:113 - Sending message to the server
2023-06-10 19:52:57 INFO  Main:130 - Receiving message from the server
2023-06-10 19:52:57 INFO  Main:113 - Sending message to the server
2023-06-10 19:52:57 INFO  Main:239 - User Lits Button Pressed
2023-06-10 19:52:57 INFO  Main:130 - Receiving message from the server
2023-06-10 19:52:57 INFO  Main:146 - Refresh button executed
2023-06-10 19:52:57 INFO  Main:147 - Request server for clients
2023-06-10 19:52:57 INFO  Main:113 - Sending message to the server
2023-06-10 19:52:57 INFO  Main:130 - Receiving message from the server
2023-06-10 19:52:57 INFO  Main:113 - Sending message to the server
2023-06-10 19:52:57 INFO  Main:130 - Receiving message from the server
2023-06-10 19:52:57 INFO  Main:113 - Sending message to the server
2023-06-10 19:52:57 INFO  Main:130 - Receiving message from the server
2023-06-10 19:52:57 INFO  Main:113 - Sending message to the server
2023-06-10 19:52:57 INFO  Main:130 - Receiving message from the server
2023-06-10 19:52:57 INFO  Main:113 - Sending message to the server
2023-06-10 19:52:57 INFO  Main:130 - Receiving message from the server
2023-06-10 19:52:57 INFO  Main:113 - Sending message to the server
2023-06-10 19:52:57 INFO  Main:130 - Receiving message from the server
2023-06-10 19:52:58 INFO  Main:113 - Sending message to the server
2023-06-10 19:52:58 INFO  Main:113 - Sending message to the server
2023-06-10 19:52:58 INFO  Main:130 - Receiving message from the server
2023-06-10 19:52:58 INFO  Main:130 - Receiving message from the server
2023-06-10 19:52:58 INFO  Main:113 - Sending message to the server
2023-06-10 19:52:58 INFO  Main:113 - Sending message to the server
2023-06-10 19:52:58 INFO  Main:130 - Receiving message from the server
2023-06-10 19:52:58 INFO  Main:130 - Receiving message from the server
2023-06-10 19:52:58 INFO  Main:113 - Sending message to the server
2023-06-10 19:52:58 INFO  Main:113 - Sending message to the server
2023-06-10 19:52:58 INFO  Main:130 - Receiving message from the server
2023-06-10 19:52:58 INFO  Main:130 - Receiving message from the server
2023-06-10 19:52:58 INFO  Main:113 - Sending message to the server
2023-06-10 19:52:58 INFO  Main:113 - Sending message to the server
2023-06-10 19:52:58 INFO  Main:130 - Receiving message from the server
2023-06-10 19:52:58 INFO  Main:130 - Receiving message from the server
2023-06-10 19:52:58 INFO  Main:113 - Sending message to the server
2023-06-10 19:52:58 INFO  Main:113 - Sending message to the server
2023-06-10 19:52:58 INFO  Main:130 - Receiving message from the server
2023-06-10 19:52:58 INFO  Main:130 - Receiving message from the server
2023-06-10 19:52:58 INFO  Main:113 - Sending message to the server
2023-06-10 19:52:58 INFO  Main:113 - Sending message to the server
2023-06-10 19:52:58 INFO  Main:130 - Receiving message from the server
2023-06-10 19:52:58 INFO  Main:130 - Receiving message from the server
2023-06-10 19:52:58 INFO  Main:113 - Sending message to the server
2023-06-10 19:52:58 INFO  Main:113 - Sending message to the server
2023-06-10 19:52:58 INFO  Main:130 - Receiving message from the server
2023-06-10 19:52:58 INFO  Main:130 - Receiving message from the server
2023-06-10 19:52:58 INFO  Main:113 - Sending message to the server
2023-06-10 19:52:58 INFO  Main:113 - Sending message to the server
2023-06-10 19:52:58 INFO  Main:130 - Receiving message from the server
2023-06-10 19:52:58 INFO  Main:130 - Receiving message from the server
2023-06-10 19:52:58 INFO  Main:113 - Sending message to the server
2023-06-10 19:52:58 INFO  Main:113 - Sending message to the server
2023-06-10 19:52:58 INFO  Main:130 - Receiving message from the server
2023-06-10 19:52:58 INFO  Main:130 - Receiving message from the server
2023-06-10 19:52:59 INFO  Main:113 - Sending message to the server
2023-06-10 19:52:59 INFO  Main:113 - Sending message to the server
2023-06-10 19:52:59 INFO  Main:130 - Receiving message from the server
2023-06-10 19:52:59 INFO  Main:130 - Receiving message from the server
2023-06-10 19:52:59 INFO  Main:113 - Sending message to the server
2023-06-10 19:52:59 INFO  Main:113 - Sending message to the server
2023-06-10 19:52:59 INFO  Main:130 - Receiving message from the server
2023-06-10 19:52:59 INFO  Main:130 - Receiving message from the server
2023-06-10 19:52:59 INFO  Main:113 - Sending message to the server
2023-06-10 19:52:59 INFO  Main:113 - Sending message to the server
2023-06-10 19:52:59 INFO  Main:130 - Receiving message from the server
2023-06-10 19:52:59 INFO  Main:130 - Receiving message from the server
2023-06-10 19:52:59 INFO  Main:113 - Sending message to the server
2023-06-10 19:52:59 INFO  Main:113 - Sending message to the server
2023-06-10 19:52:59 INFO  Main:130 - Receiving message from the server
2023-06-10 19:52:59 INFO  Main:130 - Receiving message from the server
2023-06-10 19:52:59 INFO  Main:113 - Sending message to the server
2023-06-10 19:52:59 INFO  Main:113 - Sending message to the server
2023-06-10 19:52:59 INFO  Main:130 - Receiving message from the server
2023-06-10 19:52:59 INFO  Main:130 - Receiving message from the server
2023-06-10 19:52:59 INFO  Main:113 - Sending message to the server
2023-06-10 19:52:59 INFO  Main:113 - Sending message to the server
2023-06-10 19:52:59 INFO  Main:130 - Receiving message from the server
2023-06-10 19:52:59 INFO  Main:130 - Receiving message from the server
2023-06-10 19:52:59 INFO  Main:113 - Sending message to the server
2023-06-10 19:52:59 INFO  Main:113 - Sending message to the server
2023-06-10 19:52:59 INFO  Main:130 - Receiving message from the server
2023-06-10 19:52:59 INFO  Main:130 - Receiving message from the server
2023-06-10 19:52:59 INFO  Main:113 - Sending message to the server
2023-06-10 19:52:59 INFO  Main:113 - Sending message to the server
2023-06-10 19:52:59 INFO  Main:130 - Receiving message from the server
2023-06-10 19:52:59 INFO  Main:130 - Receiving message from the server
2023-06-10 19:52:59 INFO  Main:113 - Sending message to the server
2023-06-10 19:52:59 INFO  Main:113 - Sending message to the server
2023-06-10 19:52:59 INFO  Main:130 - Receiving message from the server
2023-06-10 19:52:59 INFO  Main:130 - Receiving message from the server
2023-06-10 19:53:00 INFO  Main:113 - Sending message to the server
2023-06-10 19:53:00 INFO  Main:113 - Sending message to the server
2023-06-10 19:53:00 INFO  Main:130 - Receiving message from the server
2023-06-10 19:53:00 INFO  Main:130 - Receiving message from the server
2023-06-10 19:53:00 INFO  Main:285 - Send Button Pressed
2023-06-10 19:53:00 INFO  Main:113 - Sending message to the server
2023-06-10 19:53:00 INFO  Main:113 - Sending message to the server
2023-06-10 19:53:00 INFO  Main:130 - Receiving message from the server
2023-06-10 19:53:00 INFO  Main:130 - Receiving message from the server
2023-06-10 19:53:00 INFO  Main:113 - Sending message to the server
2023-06-10 19:53:00 INFO  Main:113 - Sending message to the server
2023-06-10 19:53:00 INFO  Main:130 - Receiving message from the server
2023-06-10 19:53:00 INFO  Main:130 - Receiving message from the server
2023-06-10 19:53:00 INFO  Main:113 - Sending message to the server
2023-06-10 19:53:00 INFO  Main:113 - Sending message to the server
2023-06-10 19:53:00 INFO  Main:130 - Receiving message from the server
2023-06-10 19:53:00 INFO  Main:130 - Receiving message from the server
2023-06-10 19:53:00 INFO  Main:113 - Sending message to the server
2023-06-10 19:53:00 INFO  Main:113 - Sending message to the server
2023-06-10 19:53:00 INFO  Main:130 - Receiving message from the server
2023-06-10 19:53:00 INFO  Main:130 - Receiving message from the server
2023-06-10 19:53:00 INFO  Main:113 - Sending message to the server
2023-06-10 19:53:00 INFO  Main:113 - Sending message to the server
2023-06-10 19:53:00 INFO  Main:130 - Receiving message from the server
2023-06-10 19:53:00 INFO  Main:130 - Receiving message from the server
2023-06-10 19:53:00 INFO  Main:113 - Sending message to the server
2023-06-10 19:53:00 INFO  Main:113 - Sending message to the server
2023-06-10 19:53:00 INFO  Main:130 - Receiving message from the server
2023-06-10 19:53:00 INFO  Main:130 - Receiving message from the server
2023-06-10 19:53:00 INFO  Main:113 - Sending message to the server
2023-06-10 19:53:00 INFO  Main:113 - Sending message to the server
2023-06-10 19:53:00 INFO  Main:130 - Receiving message from the server
2023-06-10 19:53:00 INFO  Main:130 - Receiving message from the server
2023-06-10 19:53:00 INFO  Main:113 - Sending message to the server
2023-06-10 19:53:00 INFO  Main:113 - Sending message to the server
2023-06-10 19:53:00 INFO  Main:130 - Receiving message from the server
2023-06-10 19:53:00 INFO  Main:130 - Receiving message from the server
2023-06-10 19:53:00 INFO  Main:113 - Sending message to the server
2023-06-10 19:53:00 INFO  Main:113 - Sending message to the server
2023-06-10 19:53:01 INFO  Main:130 - Receiving message from the server
2023-06-10 19:53:01 INFO  Main:130 - Receiving message from the server
2023-06-10 19:53:01 INFO  Main:113 - Sending message to the server
2023-06-10 19:53:01 INFO  Main:113 - Sending message to the server
2023-06-10 19:53:01 INFO  Main:130 - Receiving message from the server
2023-06-10 19:53:01 INFO  Main:130 - Receiving message from the server
2023-06-10 19:53:01 INFO  Main:113 - Sending message to the server
2023-06-10 19:53:01 INFO  Main:113 - Sending message to the server
2023-06-10 19:53:01 INFO  Main:130 - Receiving message from the server
2023-06-10 19:53:01 INFO  Main:130 - Receiving message from the server
2023-06-10 19:53:01 INFO  Main:113 - Sending message to the server
2023-06-10 19:53:01 INFO  Main:113 - Sending message to the server
2023-06-10 19:53:01 INFO  Main:130 - Receiving message from the server
2023-06-10 19:53:01 INFO  Main:130 - Receiving message from the server
2023-06-10 19:53:01 INFO  Main:285 - Send Button Pressed
2023-06-10 19:53:01 INFO  Main:113 - Sending message to the server
2023-06-10 19:53:01 INFO  Main:113 - Sending message to the server
2023-06-10 19:53:01 INFO  Main:130 - Receiving message from the server
2023-06-10 19:53:01 INFO  Main:130 - Receiving message from the server
2023-06-10 19:53:01 INFO  Main:113 - Sending message to the server
2023-06-10 19:53:01 INFO  Main:113 - Sending message to the server
2023-06-10 19:53:01 INFO  Main:130 - Receiving message from the server
2023-06-10 19:53:01 INFO  Main:130 - Receiving message from the server
2023-06-10 19:53:01 INFO  Main:113 - Sending message to the server
2023-06-10 19:53:01 INFO  Main:113 - Sending message to the server
2023-06-10 19:53:01 INFO  Main:130 - Receiving message from the server
2023-06-10 19:53:01 INFO  Main:130 - Receiving message from the server
2023-06-10 19:53:01 INFO  Main:113 - Sending message to the server
2023-06-10 19:53:01 INFO  Main:113 - Sending message to the server
2023-06-10 19:53:01 INFO  Main:130 - Receiving message from the server
2023-06-10 19:53:01 INFO  Main:130 - Receiving message from the server
2023-06-10 19:53:01 INFO  Main:113 - Sending message to the server
2023-06-10 19:53:01 INFO  Main:113 - Sending message to the server
2023-06-10 19:53:01 INFO  Main:130 - Receiving message from the server
2023-06-10 19:53:01 INFO  Main:130 - Receiving message from the server
2023-06-10 19:53:01 INFO  Main:113 - Sending message to the server
2023-06-10 19:53:01 INFO  Main:113 - Sending message to the server
2023-06-10 19:53:02 INFO  Main:130 - Receiving message from the server
2023-06-10 19:53:02 INFO  Main:130 - Receiving message from the server
2023-06-10 19:53:02 INFO  Main:113 - Sending message to the server
2023-06-10 19:53:02 INFO  Main:113 - Sending message to the server
2023-06-10 19:53:02 INFO  Main:130 - Receiving message from the server
2023-06-10 19:53:02 INFO  Main:130 - Receiving message from the server
2023-06-10 19:53:02 INFO  Main:113 - Sending message to the server
2023-06-10 19:53:02 INFO  Main:113 - Sending message to the server
2023-06-10 19:53:02 INFO  Main:130 - Receiving message from the server
2023-06-10 19:53:02 INFO  Main:130 - Receiving message from the server
2023-06-10 19:53:02 INFO  Main:113 - Sending message to the server
2023-06-10 19:53:02 INFO  Main:113 - Sending message to the server
2023-06-10 19:53:02 INFO  Main:130 - Receiving message from the server
2023-06-10 19:53:02 INFO  Main:130 - Receiving message from the server
2023-06-10 19:53:02 INFO  Main:113 - Sending message to the server
2023-06-10 19:53:02 INFO  Main:113 - Sending message to the server
2023-06-10 19:53:02 INFO  Main:130 - Receiving message from the server
2023-06-10 19:53:02 INFO  Main:130 - Receiving message from the server
2023-06-10 19:53:02 INFO  Main:113 - Sending message to the server
2023-06-10 19:53:02 INFO  Main:113 - Sending message to the server
2023-06-10 19:53:02 INFO  Main:130 - Receiving message from the server
2023-06-10 19:53:02 INFO  Main:130 - Receiving message from the server
2023-06-10 19:53:02 INFO  Main:113 - Sending message to the server
2023-06-10 19:53:02 INFO  Main:113 - Sending message to the server
2023-06-10 19:53:02 INFO  Main:130 - Receiving message from the server
2023-06-10 19:53:02 INFO  Main:130 - Receiving message from the server
2023-06-10 19:53:02 INFO  Main:113 - Sending message to the server
2023-06-10 19:53:02 INFO  Main:113 - Sending message to the server
2023-06-10 19:53:02 INFO  Main:130 - Receiving message from the server
2023-06-10 19:53:02 INFO  Main:130 - Receiving message from the server
2023-06-10 19:53:02 INFO  Main:113 - Sending message to the server
2023-06-10 19:53:02 INFO  Main:113 - Sending message to the server
2023-06-10 19:53:02 INFO  Main:130 - Receiving message from the server
2023-06-10 19:53:02 INFO  Main:130 - Receiving message from the server
2023-06-10 19:53:02 INFO  Main:113 - Sending message to the server
2023-06-10 19:53:02 INFO  Main:113 - Sending message to the server
2023-06-10 19:53:02 INFO  Main:130 - Receiving message from the server
2023-06-10 19:53:02 INFO  Main:130 - Receiving message from the server
2023-06-10 19:53:03 INFO  Main:285 - Send Button Pressed
2023-06-10 19:53:03 INFO  Main:113 - Sending message to the server
2023-06-10 19:53:03 INFO  Main:113 - Sending message to the server
2023-06-10 19:53:03 INFO  Main:130 - Receiving message from the server
2023-06-10 19:53:03 INFO  Main:130 - Receiving message from the server
2023-06-10 19:53:03 INFO  Main:113 - Sending message to the server
2023-06-10 19:53:03 INFO  Main:113 - Sending message to the server
2023-06-10 19:53:03 INFO  Main:130 - Receiving message from the server
2023-06-10 19:53:03 INFO  Main:130 - Receiving message from the server
2023-06-10 19:53:03 INFO  Main:113 - Sending message to the server
2023-06-10 19:53:03 INFO  Main:113 - Sending message to the server
2023-06-10 19:53:03 INFO  Main:130 - Receiving message from the server
2023-06-10 19:53:03 INFO  Main:130 - Receiving message from the server
2023-06-10 19:53:03 INFO  Main:113 - Sending message to the server
2023-06-10 19:53:03 INFO  Main:113 - Sending message to the server
2023-06-10 19:53:03 INFO  Main:130 - Receiving message from the server
2023-06-10 19:53:03 INFO  Main:130 - Receiving message from the server
2023-06-10 19:53:03 INFO  Main:113 - Sending message to the server
2023-06-10 19:53:03 INFO  Main:113 - Sending message to the server
2023-06-10 19:53:03 INFO  Main:130 - Receiving message from the server
2023-06-10 19:53:03 INFO  Main:130 - Receiving message from the server
2023-06-10 19:53:03 INFO  Main:113 - Sending message to the server
2023-06-10 19:53:03 INFO  Main:113 - Sending message to the server
2023-06-10 19:53:03 INFO  Main:130 - Receiving message from the server
2023-06-10 19:53:03 INFO  Main:130 - Receiving message from the server
2023-06-10 19:53:03 INFO  Main:113 - Sending message to the server
2023-06-10 19:53:03 INFO  Main:113 - Sending message to the server
2023-06-10 19:53:03 INFO  Main:130 - Receiving message from the server
2023-06-10 19:53:03 INFO  Main:130 - Receiving message from the server
2023-06-10 19:53:03 INFO  Main:113 - Sending message to the server
2023-06-10 19:53:03 INFO  Main:113 - Sending message to the server
2023-06-10 19:53:03 INFO  Main:130 - Receiving message from the server
2023-06-10 19:53:03 INFO  Main:130 - Receiving message from the server
2023-06-10 19:53:03 INFO  Main:113 - Sending message to the server
2023-06-10 19:53:03 INFO  Main:113 - Sending message to the server
2023-06-10 19:53:03 INFO  Main:130 - Receiving message from the server
2023-06-10 19:53:03 INFO  Main:130 - Receiving message from the server
2023-06-10 19:53:04 INFO  Main:113 - Sending message to the server
2023-06-10 19:53:04 INFO  Main:113 - Sending message to the server
2023-06-10 19:53:04 INFO  Main:130 - Receiving message from the server
2023-06-10 19:53:04 INFO  Main:130 - Receiving message from the server
2023-06-10 19:53:04 INFO  Main:113 - Sending message to the server
2023-06-10 19:53:04 INFO  Main:113 - Sending message to the server
2023-06-10 19:53:04 INFO  Main:130 - Receiving message from the server
2023-06-10 19:53:04 INFO  Main:130 - Receiving message from the server
2023-06-10 19:53:04 INFO  Main:113 - Sending message to the server
2023-06-10 19:53:04 INFO  Main:113 - Sending message to the server
2023-06-10 19:53:04 INFO  Main:130 - Receiving message from the server
2023-06-10 19:53:04 INFO  Main:130 - Receiving message from the server
2023-06-10 19:53:04 INFO  Main:113 - Sending message to the server
2023-06-10 19:53:04 INFO  Main:113 - Sending message to the server
2023-06-10 19:53:04 INFO  Main:130 - Receiving message from the server
2023-06-10 19:53:04 INFO  Main:130 - Receiving message from the server
2023-06-10 19:53:04 INFO  Main:113 - Sending message to the server
2023-06-10 19:53:04 INFO  Main:113 - Sending message to the server
2023-06-10 19:53:04 INFO  Main:130 - Receiving message from the server
2023-06-10 19:53:04 INFO  Main:130 - Receiving message from the server
2023-06-10 19:53:04 INFO  Main:113 - Sending message to the server
2023-06-10 19:53:04 INFO  Main:113 - Sending message to the server
2023-06-10 19:53:04 INFO  Main:130 - Receiving message from the server
2023-06-10 19:53:04 INFO  Main:130 - Receiving message from the server
2023-06-10 19:53:04 INFO  Main:113 - Sending message to the server
2023-06-10 19:53:04 INFO  Main:113 - Sending message to the server
2023-06-10 19:53:04 INFO  Main:130 - Receiving message from the server
2023-06-10 19:53:04 INFO  Main:130 - Receiving message from the server
2023-06-10 19:53:04 INFO  Main:113 - Sending message to the server
2023-06-10 19:53:04 INFO  Main:113 - Sending message to the server
2023-06-10 19:53:04 INFO  Main:130 - Receiving message from the server
2023-06-10 19:53:04 INFO  Main:130 - Receiving message from the server
2023-06-10 19:53:04 INFO  Main:113 - Sending message to the server
2023-06-10 19:53:04 INFO  Main:113 - Sending message to the server
2023-06-10 19:53:04 INFO  Main:130 - Receiving message from the server
2023-06-10 19:53:04 INFO  Main:130 - Receiving message from the server
2023-06-10 19:53:05 INFO  Main:113 - Sending message to the server
2023-06-10 19:53:05 INFO  Main:113 - Sending message to the server
2023-06-10 19:53:05 INFO  Main:130 - Receiving message from the server
2023-06-10 19:53:05 INFO  Main:130 - Receiving message from the server
2023-06-10 19:53:05 INFO  Main:113 - Sending message to the server
2023-06-10 19:53:05 INFO  Main:113 - Sending message to the server
2023-06-10 19:53:05 INFO  Main:130 - Receiving message from the server
2023-06-10 19:53:05 INFO  Main:130 - Receiving message from the server
2023-06-10 19:53:05 INFO  Main:113 - Sending message to the server
2023-06-10 19:53:05 INFO  Main:113 - Sending message to the server
2023-06-10 19:53:05 INFO  Main:130 - Receiving message from the server
2023-06-10 19:53:05 INFO  Main:130 - Receiving message from the server
2023-06-10 19:53:05 INFO  Main:113 - Sending message to the server
2023-06-10 19:53:05 INFO  Main:113 - Sending message to the server
2023-06-10 19:53:05 INFO  Main:130 - Receiving message from the server
2023-06-10 19:53:05 INFO  Main:130 - Receiving message from the server
2023-06-10 19:53:05 INFO  Main:113 - Sending message to the server
2023-06-10 19:53:05 INFO  Main:113 - Sending message to the server
2023-06-10 19:53:05 INFO  Main:130 - Receiving message from the server
2023-06-10 19:53:05 INFO  Main:130 - Receiving message from the server
2023-06-10 19:53:05 INFO  Main:113 - Sending message to the server
2023-06-10 19:53:05 INFO  Main:113 - Sending message to the server
2023-06-10 19:53:05 INFO  Main:130 - Receiving message from the server
2023-06-10 19:53:05 INFO  Main:130 - Receiving message from the server
2023-06-10 19:53:05 INFO  Main:113 - Sending message to the server
2023-06-10 19:53:05 INFO  Main:113 - Sending message to the server
2023-06-10 19:53:05 INFO  Main:130 - Receiving message from the server
2023-06-10 19:53:05 INFO  Main:130 - Receiving message from the server
2023-06-10 19:53:05 INFO  Main:113 - Sending message to the server
2023-06-10 19:53:05 INFO  Main:113 - Sending message to the server
2023-06-10 19:53:05 INFO  Main:130 - Receiving message from the server
2023-06-10 19:53:05 INFO  Main:130 - Receiving message from the server
2023-06-10 19:53:05 INFO  Main:113 - Sending message to the server
2023-06-10 19:53:05 INFO  Main:113 - Sending message to the server
2023-06-10 19:53:05 INFO  Main:130 - Receiving message from the server
2023-06-10 19:53:05 INFO  Main:130 - Receiving message from the server
2023-06-10 19:53:06 INFO  Main:285 - Send Button Pressed
2023-06-10 19:53:06 INFO  Main:113 - Sending message to the server
2023-06-10 19:53:06 INFO  Main:113 - Sending message to the server
2023-06-10 19:53:06 INFO  Main:130 - Receiving message from the server
2023-06-10 19:53:06 INFO  Main:130 - Receiving message from the server
2023-06-10 19:53:06 INFO  Main:113 - Sending message to the server
2023-06-10 19:53:06 INFO  Main:113 - Sending message to the server
2023-06-10 19:53:06 INFO  Main:130 - Receiving message from the server
2023-06-10 19:53:06 INFO  Main:130 - Receiving message from the server
2023-06-10 19:53:06 INFO  Main:113 - Sending message to the server
2023-06-10 19:53:06 INFO  Main:113 - Sending message to the server
2023-06-10 19:53:06 INFO  Main:130 - Receiving message from the server
2023-06-10 19:53:06 INFO  Main:130 - Receiving message from the server
2023-06-10 19:53:06 INFO  Main:113 - Sending message to the server
2023-06-10 19:53:06 INFO  Main:113 - Sending message to the server
2023-06-10 19:53:06 INFO  Main:130 - Receiving message from the server
2023-06-10 19:53:06 INFO  Main:130 - Receiving message from the server
2023-06-10 19:53:06 INFO  Main:113 - Sending message to the server
2023-06-10 19:53:06 INFO  Main:113 - Sending message to the server
2023-06-10 19:53:06 INFO  Main:130 - Receiving message from the server
2023-06-10 19:53:06 INFO  Main:130 - Receiving message from the server
2023-06-10 19:53:06 INFO  Main:113 - Sending message to the server
2023-06-10 19:53:06 INFO  Main:113 - Sending message to the server
2023-06-10 19:53:06 INFO  Main:130 - Receiving message from the server
2023-06-10 19:53:06 INFO  Main:130 - Receiving message from the server
2023-06-10 19:53:06 INFO  Main:113 - Sending message to the server
2023-06-10 19:53:06 INFO  Main:113 - Sending message to the server
2023-06-10 19:53:06 INFO  Main:130 - Receiving message from the server
2023-06-10 19:53:06 INFO  Main:130 - Receiving message from the server
2023-06-10 19:53:06 INFO  Main:113 - Sending message to the server
2023-06-10 19:53:06 INFO  Main:113 - Sending message to the server
2023-06-10 19:53:06 INFO  Main:130 - Receiving message from the server
2023-06-10 19:53:06 INFO  Main:130 - Receiving message from the server
2023-06-10 19:53:06 INFO  Main:113 - Sending message to the server
2023-06-10 19:53:06 INFO  Main:113 - Sending message to the server
2023-06-10 19:53:06 INFO  Main:130 - Receiving message from the server
2023-06-10 19:53:06 INFO  Main:130 - Receiving message from the server
2023-06-10 19:53:07 INFO  Main:113 - Sending message to the server
2023-06-10 19:53:07 INFO  Main:113 - Sending message to the server
2023-06-10 19:53:07 INFO  Main:130 - Receiving message from the server
2023-06-10 19:53:07 INFO  Main:130 - Receiving message from the server
2023-06-10 19:53:07 INFO  Main:113 - Sending message to the server
2023-06-10 19:53:07 INFO  Main:113 - Sending message to the server
2023-06-10 19:53:07 INFO  Main:130 - Receiving message from the server
2023-06-10 19:53:07 INFO  Main:130 - Receiving message from the server
2023-06-10 19:53:07 INFO  Main:113 - Sending message to the server
2023-06-10 19:53:07 INFO  Main:113 - Sending message to the server
2023-06-10 19:53:07 INFO  Main:130 - Receiving message from the server
2023-06-10 19:53:07 INFO  Main:130 - Receiving message from the server
2023-06-10 19:53:07 INFO  Main:113 - Sending message to the server
2023-06-10 19:53:07 INFO  Main:113 - Sending message to the server
2023-06-10 19:53:07 INFO  Main:130 - Receiving message from the server
2023-06-10 19:53:07 INFO  Main:130 - Receiving message from the server
2023-06-10 19:53:07 INFO  Main:113 - Sending message to the server
2023-06-10 19:53:07 INFO  Main:113 - Sending message to the server
2023-06-10 19:53:07 INFO  Main:130 - Receiving message from the server
2023-06-10 19:53:07 INFO  Main:130 - Receiving message from the server
2023-06-10 19:53:07 INFO  Main:113 - Sending message to the server
2023-06-10 19:53:07 INFO  Main:113 - Sending message to the server
2023-06-10 19:53:07 INFO  Main:130 - Receiving message from the server
2023-06-10 19:53:07 INFO  Main:130 - Receiving message from the server
2023-06-10 19:53:07 INFO  Main:113 - Sending message to the server
2023-06-10 19:53:07 INFO  Main:113 - Sending message to the server
2023-06-10 19:53:07 INFO  Main:130 - Receiving message from the server
2023-06-10 19:53:07 INFO  Main:130 - Receiving message from the server
2023-06-10 19:53:07 INFO  Main:113 - Sending message to the server
2023-06-10 19:53:07 INFO  Main:113 - Sending message to the server
2023-06-10 19:53:07 INFO  Main:130 - Receiving message from the server
2023-06-10 19:53:07 INFO  Main:130 - Receiving message from the server
2023-06-10 19:53:07 INFO  Main:113 - Sending message to the server
2023-06-10 19:53:07 INFO  Main:113 - Sending message to the server
2023-06-10 19:53:07 INFO  Main:130 - Receiving message from the server
2023-06-10 19:53:07 INFO  Main:130 - Receiving message from the server
2023-06-10 19:53:07 INFO  Main:285 - Send Button Pressed
2023-06-10 19:53:07 INFO  Main:113 - Sending message to the server
2023-06-10 19:53:07 INFO  Main:113 - Sending message to the server
2023-06-10 19:53:08 INFO  Main:130 - Receiving message from the server
2023-06-10 19:53:08 INFO  Main:130 - Receiving message from the server
2023-06-10 19:53:08 INFO  Main:113 - Sending message to the server
2023-06-10 19:53:08 INFO  Main:113 - Sending message to the server
2023-06-10 19:53:08 INFO  Main:130 - Receiving message from the server
2023-06-10 19:53:08 INFO  Main:130 - Receiving message from the server
2023-06-10 19:53:08 INFO  Main:113 - Sending message to the server
2023-06-10 19:53:08 INFO  Main:113 - Sending message to the server
2023-06-10 19:53:08 INFO  Main:130 - Receiving message from the server
2023-06-10 19:53:08 INFO  Main:130 - Receiving message from the server
2023-06-10 19:53:08 INFO  Main:113 - Sending message to the server
2023-06-10 19:53:08 INFO  Main:113 - Sending message to the server
2023-06-10 19:53:08 INFO  Main:130 - Receiving message from the server
2023-06-10 19:53:08 INFO  Main:130 - Receiving message from the server
2023-06-10 19:53:08 INFO  Main:113 - Sending message to the server
2023-06-10 19:53:08 INFO  Main:113 - Sending message to the server
2023-06-10 19:53:08 INFO  Main:130 - Receiving message from the server
2023-06-10 19:53:08 INFO  Main:130 - Receiving message from the server
2023-06-10 19:53:08 INFO  Main:113 - Sending message to the server
2023-06-10 19:53:08 INFO  Main:113 - Sending message to the server
2023-06-10 19:53:08 INFO  Main:130 - Receiving message from the server
2023-06-10 19:53:08 INFO  Main:130 - Receiving message from the server
2023-06-10 19:53:08 INFO  Main:113 - Sending message to the server
2023-06-10 19:53:08 INFO  Main:113 - Sending message to the server
2023-06-10 19:53:08 INFO  Main:130 - Receiving message from the server
2023-06-10 19:53:08 INFO  Main:130 - Receiving message from the server
2023-06-10 19:53:08 INFO  Main:113 - Sending message to the server
2023-06-10 19:53:08 INFO  Main:113 - Sending message to the server
2023-06-10 19:53:08 INFO  Main:130 - Receiving message from the server
2023-06-10 19:53:08 INFO  Main:130 - Receiving message from the server
2023-06-10 19:53:08 INFO  Main:113 - Sending message to the server
2023-06-10 19:53:08 INFO  Main:113 - Sending message to the server
2023-06-10 19:53:08 INFO  Main:130 - Receiving message from the server
2023-06-10 19:53:08 INFO  Main:130 - Receiving message from the server
2023-06-10 19:53:08 INFO  Main:113 - Sending message to the server
2023-06-10 19:53:08 INFO  Main:113 - Sending message to the server
2023-06-10 19:53:09 INFO  Main:130 - Receiving message from the server
2023-06-10 19:53:09 INFO  Main:130 - Receiving message from the server
2023-06-10 19:53:09 INFO  Main:113 - Sending message to the server
2023-06-10 19:53:09 INFO  Main:113 - Sending message to the server
2023-06-10 19:53:09 INFO  Main:130 - Receiving message from the server
2023-06-10 19:53:09 INFO  Main:130 - Receiving message from the server
2023-06-10 19:53:09 INFO  Main:113 - Sending message to the server
2023-06-10 19:53:09 INFO  Main:113 - Sending message to the server
2023-06-10 19:53:09 INFO  Main:130 - Receiving message from the server
2023-06-10 19:53:09 INFO  Main:130 - Receiving message from the server
2023-06-10 19:53:09 INFO  Main:113 - Sending message to the server
2023-06-10 19:53:09 INFO  Main:113 - Sending message to the server
2023-06-10 19:53:09 INFO  Main:130 - Receiving message from the server
2023-06-10 19:53:09 INFO  Main:130 - Receiving message from the server
2023-06-10 19:53:09 INFO  Main:113 - Sending message to the server
2023-06-10 19:53:09 INFO  Main:113 - Sending message to the server
2023-06-10 19:53:09 INFO  Main:130 - Receiving message from the server
2023-06-10 19:53:09 INFO  Main:130 - Receiving message from the server
2023-06-10 19:53:09 INFO  Main:113 - Sending message to the server
2023-06-10 19:53:09 INFO  Main:113 - Sending message to the server
2023-06-10 19:53:09 INFO  Main:130 - Receiving message from the server
2023-06-10 19:53:09 INFO  Main:130 - Receiving message from the server
2023-06-10 19:53:09 INFO  Main:113 - Sending message to the server
2023-06-10 19:53:09 INFO  Main:113 - Sending message to the server
2023-06-10 19:53:09 INFO  Main:130 - Receiving message from the server
2023-06-10 19:53:09 INFO  Main:130 - Receiving message from the server
2023-06-10 19:53:09 INFO  Main:285 - Send Button Pressed
2023-06-10 19:53:09 INFO  Main:113 - Sending message to the server
2023-06-10 19:53:09 INFO  Main:113 - Sending message to the server
2023-06-10 19:53:09 INFO  Main:130 - Receiving message from the server
2023-06-10 19:53:09 INFO  Main:130 - Receiving message from the server
2023-06-10 19:53:09 INFO  Main:113 - Sending message to the server
2023-06-10 19:53:09 INFO  Main:113 - Sending message to the server
2023-06-10 19:53:09 INFO  Main:130 - Receiving message from the server
2023-06-10 19:53:09 INFO  Main:130 - Receiving message from the server
2023-06-10 19:53:09 INFO  Main:113 - Sending message to the server
2023-06-10 19:53:09 INFO  Main:113 - Sending message to the server
2023-06-10 19:53:10 INFO  Main:130 - Receiving message from the server
2023-06-10 19:53:10 INFO  Main:130 - Receiving message from the server
2023-06-10 19:53:10 INFO  Main:113 - Sending message to the server
2023-06-10 19:53:10 INFO  Main:113 - Sending message to the server
2023-06-10 19:53:10 INFO  Main:130 - Receiving message from the server
2023-06-10 19:53:10 INFO  Main:130 - Receiving message from the server
2023-06-10 19:53:10 INFO  Main:113 - Sending message to the server
2023-06-10 19:53:10 INFO  Main:113 - Sending message to the server
2023-06-10 19:53:10 INFO  Main:130 - Receiving message from the server
2023-06-10 19:53:10 INFO  Main:130 - Receiving message from the server
2023-06-10 19:53:10 INFO  Main:113 - Sending message to the server
2023-06-10 19:53:10 INFO  Main:113 - Sending message to the server
2023-06-10 19:53:10 INFO  Main:130 - Receiving message from the server
2023-06-10 19:53:10 INFO  Main:130 - Receiving message from the server
2023-06-10 19:53:10 INFO  Main:113 - Sending message to the server
2023-06-10 19:53:10 INFO  Main:113 - Sending message to the server
2023-06-10 19:53:10 INFO  Main:130 - Receiving message from the server
2023-06-10 19:53:10 INFO  Main:130 - Receiving message from the server
2023-06-10 19:53:10 INFO  Main:113 - Sending message to the server
2023-06-10 19:53:10 INFO  Main:113 - Sending message to the server
2023-06-10 19:53:10 INFO  Main:130 - Receiving message from the server
2023-06-10 19:53:10 INFO  Main:130 - Receiving message from the server
2023-06-10 19:53:10 INFO  Main:113 - Sending message to the server
2023-06-10 19:53:10 INFO  Main:113 - Sending message to the server
2023-06-10 19:53:10 INFO  Main:130 - Receiving message from the server
2023-06-10 19:53:10 INFO  Main:130 - Receiving message from the server
2023-06-10 19:53:10 INFO  Main:113 - Sending message to the server
2023-06-10 19:53:10 INFO  Main:113 - Sending message to the server
2023-06-10 19:53:10 INFO  Main:130 - Receiving message from the server
2023-06-10 19:53:10 INFO  Main:130 - Receiving message from the server
2023-06-10 19:53:10 INFO  Main:113 - Sending message to the server
2023-06-10 19:53:10 INFO  Main:113 - Sending message to the server
2023-06-10 19:53:10 INFO  Main:130 - Receiving message from the server
2023-06-10 19:53:10 INFO  Main:130 - Receiving message from the server
2023-06-10 19:53:10 INFO  Main:113 - Sending message to the server
2023-06-10 19:53:10 INFO  Main:113 - Sending message to the server
2023-06-10 19:53:10 INFO  Main:130 - Receiving message from the server
2023-06-10 19:53:10 INFO  Main:130 - Receiving message from the server
2023-06-10 19:53:11 INFO  Main:113 - Sending message to the server
2023-06-10 19:53:11 INFO  Main:113 - Sending message to the server
2023-06-10 19:53:11 INFO  Main:130 - Receiving message from the server
2023-06-10 19:53:11 INFO  Main:130 - Receiving message from the server
2023-06-10 19:53:11 INFO  Main:113 - Sending message to the server
2023-06-10 19:53:11 INFO  Main:113 - Sending message to the server
2023-06-10 19:53:11 INFO  Main:130 - Receiving message from the server
2023-06-10 19:53:11 INFO  Main:130 - Receiving message from the server
2023-06-10 19:53:11 INFO  Main:113 - Sending message to the server
2023-06-10 19:53:11 INFO  Main:113 - Sending message to the server
2023-06-10 19:53:11 INFO  Main:130 - Receiving message from the server
2023-06-10 19:53:11 INFO  Main:130 - Receiving message from the server
2023-06-10 19:53:11 INFO  Main:113 - Sending message to the server
2023-06-10 19:53:11 INFO  Main:113 - Sending message to the server
2023-06-10 19:53:11 INFO  Main:130 - Receiving message from the server
2023-06-10 19:53:11 INFO  Main:130 - Receiving message from the server
2023-06-10 19:53:11 INFO  Main:113 - Sending message to the server
2023-06-10 19:53:11 INFO  Main:113 - Sending message to the server
2023-06-10 19:53:11 INFO  Main:130 - Receiving message from the server
2023-06-10 19:53:11 INFO  Main:130 - Receiving message from the server
2023-06-10 19:53:11 INFO  Main:113 - Sending message to the server
2023-06-10 19:53:11 INFO  Main:113 - Sending message to the server
2023-06-10 19:53:11 INFO  Main:130 - Receiving message from the server
2023-06-10 19:53:11 INFO  Main:130 - Receiving message from the server
2023-06-10 19:53:11 INFO  Main:113 - Sending message to the server
2023-06-10 19:53:11 INFO  Main:113 - Sending message to the server
2023-06-10 19:53:11 INFO  Main:130 - Receiving message from the server
2023-06-10 19:53:11 INFO  Main:130 - Receiving message from the server
2023-06-10 19:53:11 INFO  Main:113 - Sending message to the server
2023-06-10 19:53:11 INFO  Main:113 - Sending message to the server
2023-06-10 19:53:11 INFO  Main:130 - Receiving message from the server
2023-06-10 19:53:11 INFO  Main:130 - Receiving message from the server
2023-06-10 19:53:11 INFO  Main:113 - Sending message to the server
2023-06-10 19:53:11 INFO  Main:113 - Sending message to the server
2023-06-10 19:53:11 INFO  Main:130 - Receiving message from the server
2023-06-10 19:53:11 INFO  Main:130 - Receiving message from the server
2023-06-10 19:53:12 INFO  Main:285 - Send Button Pressed
2023-06-10 19:53:12 INFO  Main:113 - Sending message to the server
2023-06-10 19:53:12 INFO  Main:113 - Sending message to the server
2023-06-10 19:53:12 INFO  Main:130 - Receiving message from the server
2023-06-10 19:53:12 INFO  Main:130 - Receiving message from the server
2023-06-10 19:53:12 INFO  Main:113 - Sending message to the server
2023-06-10 19:53:12 INFO  Main:113 - Sending message to the server
2023-06-10 19:53:12 INFO  Main:130 - Receiving message from the server
2023-06-10 19:53:12 INFO  Main:130 - Receiving message from the server
2023-06-10 19:53:12 INFO  Main:113 - Sending message to the server
2023-06-10 19:53:12 INFO  Main:113 - Sending message to the server
2023-06-10 19:53:12 INFO  Main:130 - Receiving message from the server
2023-06-10 19:53:12 INFO  Main:130 - Receiving message from the server
2023-06-10 19:53:12 INFO  Main:113 - Sending message to the server
2023-06-10 19:53:12 INFO  Main:113 - Sending message to the server
2023-06-10 19:53:12 INFO  Main:130 - Receiving message from the server
2023-06-10 19:53:12 INFO  Main:130 - Receiving message from the server
2023-06-10 19:53:12 INFO  Main:113 - Sending message to the server
2023-06-10 19:53:12 INFO  Main:113 - Sending message to the server
2023-06-10 19:53:12 INFO  Main:130 - Receiving message from the server
2023-06-10 19:53:12 INFO  Main:130 - Receiving message from the server
2023-06-10 19:53:12 INFO  Main:113 - Sending message to the server
2023-06-10 19:53:12 INFO  Main:113 - Sending message to the server
2023-06-10 19:53:12 INFO  Main:130 - Receiving message from the server
2023-06-10 19:53:12 INFO  Main:130 - Receiving message from the server
2023-06-10 19:53:12 INFO  Main:113 - Sending message to the server
2023-06-10 19:53:12 INFO  Main:113 - Sending message to the server
2023-06-10 19:53:12 INFO  Main:130 - Receiving message from the server
2023-06-10 19:53:12 INFO  Main:130 - Receiving message from the server
2023-06-10 19:53:12 INFO  Main:113 - Sending message to the server
2023-06-10 19:53:12 INFO  Main:113 - Sending message to the server
2023-06-10 19:53:12 INFO  Main:130 - Receiving message from the server
2023-06-10 19:53:12 INFO  Main:130 - Receiving message from the server
2023-06-10 19:53:12 INFO  Main:113 - Sending message to the server
2023-06-10 19:53:12 INFO  Main:113 - Sending message to the server
2023-06-10 19:53:12 INFO  Main:130 - Receiving message from the server
2023-06-10 19:53:12 INFO  Main:130 - Receiving message from the server
2023-06-10 19:53:13 INFO  Main:113 - Sending message to the server
2023-06-10 19:53:13 INFO  Main:113 - Sending message to the server
2023-06-10 19:53:13 INFO  Main:130 - Receiving message from the server
2023-06-10 19:53:13 INFO  Main:130 - Receiving message from the server
2023-06-10 19:53:13 INFO  Main:113 - Sending message to the server
2023-06-10 19:53:13 INFO  Main:113 - Sending message to the server
2023-06-10 19:53:13 INFO  Main:130 - Receiving message from the server
2023-06-10 19:53:13 INFO  Main:130 - Receiving message from the server
2023-06-10 19:53:13 INFO  Main:113 - Sending message to the server
2023-06-10 19:53:13 INFO  Main:113 - Sending message to the server
2023-06-10 19:53:13 INFO  Main:130 - Receiving message from the server
2023-06-10 19:53:13 INFO  Main:130 - Receiving message from the server
2023-06-10 19:53:13 INFO  Main:113 - Sending message to the server
2023-06-10 19:53:13 INFO  Main:113 - Sending message to the server
2023-06-10 19:53:13 INFO  Main:130 - Receiving message from the server
2023-06-10 19:53:13 INFO  Main:130 - Receiving message from the server
2023-06-10 19:53:13 INFO  Main:113 - Sending message to the server
2023-06-10 19:53:13 INFO  Main:113 - Sending message to the server
2023-06-10 19:53:13 INFO  Main:130 - Receiving message from the server
2023-06-10 19:53:13 INFO  Main:130 - Receiving message from the server
2023-06-10 19:53:13 INFO  Main:113 - Sending message to the server
2023-06-10 19:53:13 INFO  Main:113 - Sending message to the server
2023-06-10 19:53:13 INFO  Main:130 - Receiving message from the server
2023-06-10 19:53:13 INFO  Main:130 - Receiving message from the server
2023-06-10 19:53:13 INFO  Main:113 - Sending message to the server
2023-06-10 19:53:13 INFO  Main:113 - Sending message to the server
2023-06-10 19:53:13 INFO  Main:130 - Receiving message from the server
2023-06-10 19:53:13 INFO  Main:130 - Receiving message from the server
2023-06-10 19:53:13 INFO  Main:113 - Sending message to the server
2023-06-10 19:53:13 INFO  Main:113 - Sending message to the server
2023-06-10 19:53:13 INFO  Main:130 - Receiving message from the server
2023-06-10 19:53:13 INFO  Main:130 - Receiving message from the server
2023-06-10 19:53:13 INFO  Main:113 - Sending message to the server
2023-06-10 19:53:13 INFO  Main:113 - Sending message to the server
2023-06-10 19:53:13 INFO  Main:130 - Receiving message from the server
2023-06-10 19:53:13 INFO  Main:130 - Receiving message from the server
2023-06-10 19:53:14 INFO  Main:113 - Sending message to the server
2023-06-10 19:53:14 INFO  Main:113 - Sending message to the server
2023-06-10 19:53:14 INFO  Main:130 - Receiving message from the server
2023-06-10 19:53:14 INFO  Main:130 - Receiving message from the server
2023-06-10 19:53:14 INFO  Main:113 - Sending message to the server
2023-06-10 19:53:14 INFO  Main:113 - Sending message to the server
2023-06-10 19:53:14 INFO  Main:130 - Receiving message from the server
2023-06-10 19:53:14 INFO  Main:130 - Receiving message from the server
2023-06-10 19:53:14 INFO  Main:113 - Sending message to the server
2023-06-10 19:53:14 INFO  Main:113 - Sending message to the server
2023-06-10 19:53:14 INFO  Main:130 - Receiving message from the server
2023-06-10 19:53:14 INFO  Main:130 - Receiving message from the server
2023-06-10 19:53:14 INFO  Main:113 - Sending message to the server
2023-06-10 19:53:14 INFO  Main:113 - Sending message to the server
2023-06-10 19:53:14 INFO  Main:130 - Receiving message from the server
2023-06-10 19:53:14 INFO  Main:130 - Receiving message from the server
2023-06-10 19:53:14 INFO  Main:113 - Sending message to the server
2023-06-10 19:53:14 INFO  Main:113 - Sending message to the server
2023-06-10 19:53:14 INFO  Main:130 - Receiving message from the server
2023-06-10 19:53:14 INFO  Main:130 - Receiving message from the server
2023-06-10 19:53:14 INFO  Main:113 - Sending message to the server
2023-06-10 19:53:14 INFO  Main:113 - Sending message to the server
2023-06-10 19:53:14 INFO  Main:130 - Receiving message from the server
2023-06-10 19:53:14 INFO  Main:130 - Receiving message from the server
2023-06-10 19:53:14 INFO  Main:113 - Sending message to the server
2023-06-10 19:53:14 INFO  Main:113 - Sending message to the server
2023-06-10 19:53:14 INFO  Main:130 - Receiving message from the server
2023-06-10 19:53:14 INFO  Main:130 - Receiving message from the server
2023-06-10 19:53:14 INFO  Main:113 - Sending message to the server
2023-06-10 19:53:14 INFO  Main:113 - Sending message to the server
2023-06-10 19:53:14 INFO  Main:130 - Receiving message from the server
2023-06-10 19:53:14 INFO  Main:130 - Receiving message from the server
2023-06-10 19:53:14 INFO  Main:113 - Sending message to the server
2023-06-10 19:53:14 INFO  Main:113 - Sending message to the server
2023-06-10 19:53:14 INFO  Main:130 - Receiving message from the server
2023-06-10 19:53:14 INFO  Main:130 - Receiving message from the server
2023-06-10 19:53:15 INFO  Main:113 - Sending message to the server
2023-06-10 19:53:15 INFO  Main:113 - Sending message to the server
2023-06-10 19:53:15 INFO  Main:130 - Receiving message from the server
2023-06-10 19:53:15 INFO  Main:130 - Receiving message from the server
2023-06-10 19:53:15 INFO  Main:113 - Sending message to the server
2023-06-10 19:53:15 INFO  Main:113 - Sending message to the server
2023-06-10 19:53:15 INFO  Main:130 - Receiving message from the server
2023-06-10 19:53:15 INFO  Main:130 - Receiving message from the server
2023-06-10 19:53:15 INFO  Main:113 - Sending message to the server
2023-06-10 19:53:15 INFO  Main:113 - Sending message to the server
2023-06-10 19:53:15 INFO  Main:130 - Receiving message from the server
2023-06-10 19:53:15 INFO  Main:130 - Receiving message from the server
2023-06-10 19:53:15 INFO  Main:113 - Sending message to the server
2023-06-10 19:53:15 INFO  Main:113 - Sending message to the server
2023-06-10 19:53:15 INFO  Main:130 - Receiving message from the server
2023-06-10 19:53:15 INFO  Main:130 - Receiving message from the server
2023-06-10 19:53:15 INFO  Main:113 - Sending message to the server
2023-06-10 19:53:15 INFO  Main:113 - Sending message to the server
2023-06-10 19:53:15 INFO  Main:130 - Receiving message from the server
2023-06-10 19:53:15 INFO  Main:130 - Receiving message from the server
2023-06-10 19:53:15 INFO  Main:113 - Sending message to the server
2023-06-10 19:53:15 INFO  Main:113 - Sending message to the server
2023-06-10 19:53:15 INFO  Main:130 - Receiving message from the server
2023-06-10 19:53:15 INFO  Main:130 - Receiving message from the server
2023-06-10 19:53:15 INFO  Main:113 - Sending message to the server
2023-06-10 19:53:15 INFO  Main:113 - Sending message to the server
2023-06-10 19:53:15 INFO  Main:130 - Receiving message from the server
2023-06-10 19:53:15 INFO  Main:130 - Receiving message from the server
2023-06-10 19:53:15 INFO  Main:113 - Sending message to the server
2023-06-10 19:53:15 INFO  Main:113 - Sending message to the server
2023-06-10 19:53:15 INFO  Main:130 - Receiving message from the server
2023-06-10 19:53:15 INFO  Main:130 - Receiving message from the server
2023-06-10 19:53:15 INFO  Main:113 - Sending message to the server
2023-06-10 19:53:15 INFO  Main:113 - Sending message to the server
2023-06-10 19:53:15 INFO  Main:130 - Receiving message from the server
2023-06-10 19:53:15 INFO  Main:130 - Receiving message from the server
2023-06-10 19:53:16 INFO  Main:113 - Sending message to the server
2023-06-10 19:53:16 INFO  Main:130 - Receiving message from the server
2023-06-10 19:53:16 INFO  Main:113 - Sending message to the server
2023-06-10 19:53:16 INFO  Main:130 - Receiving message from the server
2023-06-10 19:53:16 INFO  Main:113 - Sending message to the server
2023-06-10 19:53:16 INFO  Main:130 - Receiving message from the server
2023-06-10 19:53:16 INFO  Main:113 - Sending message to the server
2023-06-10 19:53:16 INFO  Main:130 - Receiving message from the server
2023-06-10 19:53:16 INFO  Main:113 - Sending message to the server
2023-06-10 19:53:16 INFO  Main:130 - Receiving message from the server
2023-06-10 19:53:16 INFO  Main:113 - Sending message to the server
2023-06-10 19:53:16 INFO  Main:130 - Receiving message from the server
2023-06-10 19:53:16 INFO  Main:113 - Sending message to the server
2023-06-10 19:53:16 INFO  Main:130 - Receiving message from the server
2023-06-10 19:53:16 INFO  Main:113 - Sending message to the server
2023-06-10 19:53:16 INFO  Main:130 - Receiving message from the server
2023-06-10 19:53:16 INFO  Main:113 - Sending message to the server
2023-06-10 19:53:16 INFO  Main:130 - Receiving message from the server
2023-06-10 19:53:16 INFO  Main:113 - Sending message to the server
2023-06-10 19:53:17 INFO  Main:130 - Receiving message from the server
2023-06-10 19:53:17 INFO  Main:113 - Sending message to the server
2023-06-10 19:53:17 INFO  Main:130 - Receiving message from the server
2023-06-10 19:53:17 INFO  Main:113 - Sending message to the server
2023-06-10 19:53:17 INFO  Main:130 - Receiving message from the server
2023-06-10 19:53:17 INFO  Main:113 - Sending message to the server
2023-06-10 19:53:17 INFO  Main:130 - Receiving message from the server
2023-06-10 19:53:17 INFO  Main:113 - Sending message to the server
2023-06-10 19:53:17 INFO  Main:130 - Receiving message from the server
2023-06-10 19:53:17 INFO  Main:113 - Sending message to the server
2023-06-10 19:53:17 INFO  Main:130 - Receiving message from the server
2023-06-10 19:53:17 INFO  Main:113 - Sending message to the server
2023-06-10 19:53:17 INFO  Main:130 - Receiving message from the server
2023-06-10 19:53:17 INFO  Main:113 - Sending message to the server
2023-06-10 19:53:17 INFO  Main:130 - Receiving message from the server
2023-06-10 19:53:17 INFO  Main:113 - Sending message to the server
2023-06-10 19:53:17 INFO  Main:130 - Receiving message from the server
2023-06-10 19:53:17 INFO  Main:113 - Sending message to the server
2023-06-10 19:53:18 INFO  Main:130 - Receiving message from the server
2023-06-10 19:53:18 INFO  Main:113 - Sending message to the server
2023-06-10 19:53:18 INFO  Main:130 - Receiving message from the server
2023-06-10 19:53:18 INFO  Main:113 - Sending message to the server
2023-06-10 19:53:18 INFO  Main:130 - Receiving message from the server
2023-06-10 19:53:18 INFO  Main:113 - Sending message to the server
2023-06-10 19:53:18 INFO  Main:130 - Receiving message from the server
2023-06-10 19:53:18 INFO  Main:113 - Sending message to the server
2023-06-10 19:53:18 INFO  Main:130 - Receiving message from the server
2023-06-10 19:53:18 INFO  Main:113 - Sending message to the server
2023-06-10 19:53:18 INFO  Main:130 - Receiving message from the server
2023-06-10 19:53:18 INFO  Main:113 - Sending message to the server
2023-06-10 19:53:18 INFO  Main:130 - Receiving message from the server
2023-06-10 19:53:18 INFO  Main:113 - Sending message to the server
2023-06-10 19:53:18 INFO  Main:130 - Receiving message from the server
2023-06-10 19:53:18 INFO  Main:113 - Sending message to the server
2023-06-10 19:53:18 INFO  Main:130 - Receiving message from the server
2023-06-10 19:53:18 INFO  Main:113 - Sending message to the server
2023-06-10 19:53:18 INFO  Main:130 - Receiving message from the server
2023-06-10 19:53:19 INFO  Main:113 - Sending message to the server
2023-06-10 19:53:19 INFO  Main:130 - Receiving message from the server
2023-06-10 19:53:19 INFO  Main:113 - Sending message to the server
2023-06-10 19:53:19 INFO  Main:130 - Receiving message from the server
2023-06-10 19:53:19 INFO  Main:113 - Sending message to the server
2023-06-10 19:53:19 INFO  Main:130 - Receiving message from the server
2023-06-10 19:53:19 INFO  Main:113 - Sending message to the server
2023-06-10 19:53:19 INFO  Main:130 - Receiving message from the server
2023-06-10 19:53:19 INFO  Main:113 - Sending message to the server
2023-06-10 19:53:19 INFO  Main:130 - Receiving message from the server
2023-06-10 19:53:19 INFO  Main:113 - Sending message to the server
2023-06-10 19:53:19 INFO  Main:130 - Receiving message from the server
2023-06-10 19:53:19 INFO  Main:113 - Sending message to the server
2023-06-10 19:53:19 INFO  Main:130 - Receiving message from the server
2023-06-10 19:53:19 INFO  Main:113 - Sending message to the server
2023-06-10 19:53:19 INFO  Main:130 - Receiving message from the server
2023-06-10 19:53:19 INFO  Main:113 - Sending message to the server
2023-06-10 19:53:19 INFO  Main:130 - Receiving message from the server
2023-06-10 19:53:20 INFO  Main:113 - Sending message to the server
2023-06-10 19:53:20 INFO  Main:130 - Receiving message from the server
2023-06-10 19:53:20 INFO  Main:113 - Sending message to the server
2023-06-10 19:53:20 INFO  Main:130 - Receiving message from the server
2023-06-10 19:53:20 INFO  Main:113 - Sending message to the server
2023-06-10 19:53:20 INFO  Main:130 - Receiving message from the server
2023-06-10 19:53:20 INFO  Main:113 - Sending message to the server
2023-06-10 19:53:20 INFO  Main:130 - Receiving message from the server
2023-06-10 19:53:20 INFO  Main:113 - Sending message to the server
2023-06-10 19:53:20 INFO  Main:130 - Receiving message from the server
2023-06-10 19:53:20 INFO  Main:113 - Sending message to the server
2023-06-10 19:53:20 INFO  Main:130 - Receiving message from the server
2023-06-10 20:00:17 INFO  Main:28 - GUI started
2023-06-10 20:00:17 INFO  Main:37 - new Client has been added
2023-06-10 20:00:21 INFO  Main:229 - Log Button Pressed
2023-06-10 20:00:21 INFO  Main:64 - Sending username to the server
2023-06-10 20:00:22 INFO  Main:239 - User Lits Button Pressed
2023-06-10 20:00:22 INFO  Main:146 - Refresh button executed
2023-06-10 20:00:22 INFO  Main:147 - Request server for clients
2023-06-10 20:00:22 INFO  Main:239 - User Lits Button Pressed
2023-06-10 20:00:23 INFO  Main:239 - User Lits Button Pressed
2023-06-10 20:00:23 INFO  Main:146 - Refresh button executed
2023-06-10 20:00:23 INFO  Main:147 - Request server for clients
2023-06-10 20:00:23 INFO  Main:239 - User Lits Button Pressed
2023-06-10 20:00:23 INFO  Main:239 - User Lits Button Pressed
2023-06-10 20:00:23 INFO  Main:239 - User Lits Button Pressed
2023-06-10 20:00:23 INFO  Main:239 - User Lits Button Pressed
2023-06-10 20:00:23 INFO  Main:239 - User Lits Button Pressed
2023-06-10 20:00:36 INFO  Main:28 - GUI started
2023-06-10 20:00:36 INFO  Main:37 - new Client has been added
2023-06-10 20:00:42 INFO  Main:229 - Log Button Pressed
2023-06-10 20:00:42 INFO  Main:64 - Sending username to the server
2023-06-10 20:00:45 INFO  Main:28 - GUI started
2023-06-10 20:00:45 INFO  Main:37 - new Client has been added
2023-06-10 20:00:48 INFO  Main:229 - Log Button Pressed
2023-06-10 20:00:48 INFO  Main:64 - Sending username to the server
2023-06-10 20:00:49 INFO  Main:239 - User Lits Button Pressed
2023-06-10 20:00:49 INFO  Main:146 - Refresh button executed
2023-06-10 20:00:49 INFO  Main:147 - Request server for clients
2023-06-10 20:00:49 INFO  Main:113 - Sending message to the server
2023-06-10 20:00:49 INFO  Main:130 - Receiving message from the server
2023-06-10 20:00:49 INFO  Main:113 - Sending message to the server
2023-06-10 20:00:49 INFO  Main:130 - Receiving message from the server
2023-06-10 20:00:49 INFO  Main:113 - Sending message to the server
2023-06-10 20:00:49 INFO  Main:130 - Receiving message from the server
2023-06-10 20:00:49 INFO  Main:113 - Sending message to the server
2023-06-10 20:00:49 INFO  Main:130 - Receiving message from the server
2023-06-10 20:00:49 INFO  Main:113 - Sending message to the server
2023-06-10 20:00:49 INFO  Main:130 - Receiving message from the server
2023-06-10 20:00:50 INFO  Main:113 - Sending message to the server
2023-06-10 20:00:50 INFO  Main:130 - Receiving message from the server
2023-06-10 20:00:50 INFO  Main:113 - Sending message to the server
2023-06-10 20:00:50 INFO  Main:130 - Receiving message from the server
2023-06-10 20:00:50 INFO  Main:113 - Sending message to the server
2023-06-10 20:00:50 INFO  Main:130 - Receiving message from the server
2023-06-10 20:00:50 INFO  Main:113 - Sending message to the server
2023-06-10 20:00:50 INFO  Main:130 - Receiving message from the server
2023-06-10 20:00:50 INFO  Main:113 - Sending message to the server
2023-06-10 20:00:50 INFO  Main:130 - Receiving message from the server
2023-06-10 20:00:50 INFO  Main:113 - Sending message to the server
2023-06-10 20:00:50 INFO  Main:130 - Receiving message from the server
2023-06-10 20:00:50 INFO  Main:113 - Sending message to the server
2023-06-10 20:00:50 INFO  Main:130 - Receiving message from the server
2023-06-10 20:00:50 INFO  Main:113 - Sending message to the server
2023-06-10 20:00:50 INFO  Main:130 - Receiving message from the server
2023-06-10 20:00:50 INFO  Main:285 - Send Button Pressed
2023-06-10 20:00:50 INFO  Main:113 - Sending message to the server
2023-06-10 20:00:50 INFO  Main:130 - Receiving message from the server
2023-06-10 20:00:51 INFO  Main:113 - Sending message to the server
2023-06-10 20:00:51 INFO  Main:130 - Receiving message from the server
2023-06-10 20:00:51 INFO  Main:113 - Sending message to the server
2023-06-10 20:00:51 INFO  Main:130 - Receiving message from the server
2023-06-10 20:00:51 INFO  Main:113 - Sending message to the server
2023-06-10 20:00:51 INFO  Main:130 - Receiving message from the server
2023-06-10 20:00:51 INFO  Main:113 - Sending message to the server
2023-06-10 20:00:51 INFO  Main:130 - Receiving message from the server
2023-06-10 20:00:51 INFO  Main:113 - Sending message to the server
2023-06-10 20:00:51 INFO  Main:130 - Receiving message from the server
2023-06-10 20:00:51 INFO  Main:113 - Sending message to the server
2023-06-10 20:00:51 INFO  Main:130 - Receiving message from the server
2023-06-10 20:00:51 INFO  Main:113 - Sending message to the server
2023-06-10 20:00:51 INFO  Main:130 - Receiving message from the server
2023-06-10 20:00:51 INFO  Main:113 - Sending message to the server
2023-06-10 20:00:51 INFO  Main:130 - Receiving message from the server
2023-06-10 20:00:51 INFO  Main:113 - Sending message to the server
2023-06-10 20:00:51 INFO  Main:130 - Receiving message from the server
2023-06-10 20:00:52 INFO  Main:113 - Sending message to the server
2023-06-10 20:00:52 INFO  Main:130 - Receiving message from the server
2023-06-10 20:00:52 INFO  Main:113 - Sending message to the server
2023-06-10 20:00:52 INFO  Main:130 - Receiving message from the server
2023-06-10 20:00:52 INFO  Main:113 - Sending message to the server
2023-06-10 20:00:52 INFO  Main:130 - Receiving message from the server
2023-06-10 20:00:52 INFO  Main:113 - Sending message to the server
2023-06-10 20:00:52 INFO  Main:130 - Receiving message from the server
2023-06-10 20:00:52 INFO  Main:113 - Sending message to the server
2023-06-10 20:00:52 INFO  Main:130 - Receiving message from the server
2023-06-10 20:00:52 INFO  Main:113 - Sending message to the server
2023-06-10 20:00:52 INFO  Main:130 - Receiving message from the server
2023-06-10 20:00:52 INFO  Main:113 - Sending message to the server
2023-06-10 20:00:52 INFO  Main:130 - Receiving message from the server
2023-06-10 20:00:52 INFO  Main:113 - Sending message to the server
2023-06-10 20:00:52 INFO  Main:130 - Receiving message from the server
2023-06-10 20:00:52 INFO  Main:113 - Sending message to the server
2023-06-10 20:00:52 INFO  Main:130 - Receiving message from the server
2023-06-10 20:00:52 INFO  Main:239 - User Lits Button Pressed
2023-06-10 20:00:53 INFO  Main:113 - Sending message to the server
2023-06-10 20:00:53 INFO  Main:146 - Refresh button executed
2023-06-10 20:00:53 INFO  Main:147 - Request server for clients
2023-06-10 20:00:53 INFO  Main:130 - Receiving message from the server
2023-06-10 20:00:53 INFO  Main:113 - Sending message to the server
2023-06-10 20:00:53 INFO  Main:130 - Receiving message from the server
2023-06-10 20:00:53 INFO  Main:113 - Sending message to the server
2023-06-10 20:00:53 INFO  Main:130 - Receiving message from the server
2023-06-10 20:00:53 INFO  Main:113 - Sending message to the server
2023-06-10 20:00:53 INFO  Main:130 - Receiving message from the server
2023-06-10 20:00:53 INFO  Main:113 - Sending message to the server
2023-06-10 20:00:53 INFO  Main:130 - Receiving message from the server
2023-06-10 20:00:53 INFO  Main:113 - Sending message to the server
2023-06-10 20:00:53 INFO  Main:130 - Receiving message from the server
2023-06-10 20:00:53 INFO  Main:113 - Sending message to the server
2023-06-10 20:00:53 INFO  Main:130 - Receiving message from the server
2023-06-10 20:00:53 INFO  Main:113 - Sending message to the server
2023-06-10 20:00:53 INFO  Main:130 - Receiving message from the server
2023-06-10 20:00:53 INFO  Main:113 - Sending message to the server
2023-06-10 20:00:53 INFO  Main:130 - Receiving message from the server
2023-06-10 20:00:53 INFO  Main:113 - Sending message to the server
2023-06-10 20:00:53 INFO  Main:130 - Receiving message from the server
2023-06-10 20:00:53 INFO  Main:113 - Sending message to the server
2023-06-10 20:00:53 INFO  Main:130 - Receiving message from the server
2023-06-10 20:00:53 INFO  Main:113 - Sending message to the server
2023-06-10 20:00:53 INFO  Main:130 - Receiving message from the server
2023-06-10 20:00:53 INFO  Main:113 - Sending message to the server
2023-06-10 20:00:53 INFO  Main:130 - Receiving message from the server
2023-06-10 20:00:53 INFO  Main:113 - Sending message to the server
2023-06-10 20:00:53 INFO  Main:130 - Receiving message from the server
2023-06-10 20:00:53 INFO  Main:113 - Sending message to the server
2023-06-10 20:00:54 INFO  Main:130 - Receiving message from the server
2023-06-10 20:00:54 INFO  Main:113 - Sending message to the server
2023-06-10 20:00:54 INFO  Main:130 - Receiving message from the server
2023-06-10 20:00:54 INFO  Main:113 - Sending message to the server
2023-06-10 20:00:54 INFO  Main:130 - Receiving message from the server
2023-06-10 20:00:54 INFO  Main:113 - Sending message to the server
2023-06-10 20:00:54 INFO  Main:130 - Receiving message from the server
2023-06-10 20:00:54 INFO  Main:113 - Sending message to the server
2023-06-10 20:00:54 INFO  Main:130 - Receiving message from the server
2023-06-10 20:00:54 INFO  Main:113 - Sending message to the server
2023-06-10 20:00:54 INFO  Main:130 - Receiving message from the server
2023-06-10 20:00:54 INFO  Main:113 - Sending message to the server
2023-06-10 20:00:54 INFO  Main:130 - Receiving message from the server
2023-06-10 20:00:54 INFO  Main:113 - Sending message to the server
2023-06-10 20:00:54 INFO  Main:130 - Receiving message from the server
2023-06-10 20:00:54 INFO  Main:113 - Sending message to the server
2023-06-10 20:00:54 INFO  Main:130 - Receiving message from the server
2023-06-10 20:00:54 INFO  Main:113 - Sending message to the server
2023-06-10 20:00:54 INFO  Main:130 - Receiving message from the server
2023-06-10 20:00:54 INFO  Main:113 - Sending message to the server
2023-06-10 20:00:54 INFO  Main:130 - Receiving message from the server
2023-06-10 20:00:54 INFO  Main:113 - Sending message to the server
2023-06-10 20:00:54 INFO  Main:130 - Receiving message from the server
2023-06-10 20:00:54 INFO  Main:113 - Sending message to the server
2023-06-10 20:00:54 INFO  Main:130 - Receiving message from the server
2023-06-10 20:00:54 INFO  Main:113 - Sending message to the server
2023-06-10 20:00:54 INFO  Main:130 - Receiving message from the server
2023-06-10 20:00:54 INFO  Main:113 - Sending message to the server
2023-06-10 20:00:54 INFO  Main:130 - Receiving message from the server
2023-06-10 20:00:54 INFO  Main:113 - Sending message to the server
2023-06-10 20:00:54 INFO  Main:130 - Receiving message from the server
2023-06-10 20:00:54 INFO  Main:113 - Sending message to the server
2023-06-10 20:00:54 INFO  Main:130 - Receiving message from the server
2023-06-10 20:00:54 INFO  Main:113 - Sending message to the server
2023-06-10 20:00:54 INFO  Main:130 - Receiving message from the server
2023-06-10 20:00:54 INFO  Main:113 - Sending message to the server
2023-06-10 20:00:55 INFO  Main:130 - Receiving message from the server
2023-06-10 20:00:55 INFO  Main:113 - Sending message to the server
2023-06-10 20:00:55 INFO  Main:130 - Receiving message from the server
2023-06-10 20:00:55 INFO  Main:113 - Sending message to the server
2023-06-10 20:00:55 INFO  Main:130 - Receiving message from the server
2023-06-10 20:00:55 INFO  Main:113 - Sending message to the server
2023-06-10 20:00:55 INFO  Main:130 - Receiving message from the server
2023-06-10 20:00:55 INFO  Main:113 - Sending message to the server
2023-06-10 20:00:55 INFO  Main:130 - Receiving message from the server
2023-06-10 20:00:55 INFO  Main:113 - Sending message to the server
2023-06-10 20:00:55 INFO  Main:130 - Receiving message from the server
2023-06-10 20:00:55 INFO  Main:113 - Sending message to the server
2023-06-10 20:00:55 INFO  Main:285 - Send Button Pressed
2023-06-10 20:00:55 INFO  Main:130 - Receiving message from the server
2023-06-10 20:00:55 INFO  Main:113 - Sending message to the server
2023-06-10 20:00:55 INFO  Main:130 - Receiving message from the server
2023-06-10 20:00:55 INFO  Main:113 - Sending message to the server
2023-06-10 20:00:55 INFO  Main:130 - Receiving message from the server
2023-06-10 20:00:55 INFO  Main:113 - Sending message to the server
2023-06-10 20:00:55 INFO  Main:130 - Receiving message from the server
2023-06-10 20:00:55 INFO  Main:113 - Sending message to the server
2023-06-10 20:00:55 INFO  Main:130 - Receiving message from the server
2023-06-10 20:00:55 INFO  Main:113 - Sending message to the server
2023-06-10 20:00:55 INFO  Main:130 - Receiving message from the server
2023-06-10 20:00:55 INFO  Main:113 - Sending message to the server
2023-06-10 20:00:55 INFO  Main:130 - Receiving message from the server
2023-06-10 20:00:55 INFO  Main:113 - Sending message to the server
2023-06-10 20:00:55 INFO  Main:130 - Receiving message from the server
2023-06-10 20:00:55 INFO  Main:113 - Sending message to the server
2023-06-10 20:00:55 INFO  Main:130 - Receiving message from the server
2023-06-10 20:00:55 INFO  Main:113 - Sending message to the server
2023-06-10 20:00:55 INFO  Main:130 - Receiving message from the server
2023-06-10 20:00:55 INFO  Main:113 - Sending message to the server
2023-06-10 20:00:55 INFO  Main:130 - Receiving message from the server
2023-06-10 20:00:55 INFO  Main:113 - Sending message to the server
2023-06-10 20:00:55 INFO  Main:130 - Receiving message from the server
2023-06-10 20:00:55 INFO  Main:113 - Sending message to the server
2023-06-10 20:00:55 INFO  Main:130 - Receiving message from the server
2023-06-10 20:00:56 INFO  Main:113 - Sending message to the server
2023-06-10 20:00:56 INFO  Main:130 - Receiving message from the server
2023-06-10 20:00:56 INFO  Main:113 - Sending message to the server
2023-06-10 20:00:56 INFO  Main:130 - Receiving message from the server
2023-06-10 20:00:56 INFO  Main:113 - Sending message to the server
2023-06-10 20:00:56 INFO  Main:130 - Receiving message from the server
2023-06-10 20:00:56 INFO  Main:113 - Sending message to the server
2023-06-10 20:00:56 INFO  Main:130 - Receiving message from the server
2023-06-10 20:00:56 INFO  Main:113 - Sending message to the server
2023-06-10 20:00:56 INFO  Main:130 - Receiving message from the server
2023-06-10 20:00:56 INFO  Main:113 - Sending message to the server
2023-06-10 20:00:56 INFO  Main:130 - Receiving message from the server
2023-06-10 20:00:56 INFO  Main:113 - Sending message to the server
2023-06-10 20:00:56 INFO  Main:130 - Receiving message from the server
2023-06-10 20:00:56 INFO  Main:113 - Sending message to the server
2023-06-10 20:00:56 INFO  Main:130 - Receiving message from the server
2023-06-10 20:00:56 INFO  Main:113 - Sending message to the server
2023-06-10 20:00:56 INFO  Main:130 - Receiving message from the server
2023-06-10 20:00:56 INFO  Main:113 - Sending message to the server
2023-06-10 20:00:56 INFO  Main:130 - Receiving message from the server
2023-06-10 20:00:56 INFO  Main:113 - Sending message to the server
2023-06-10 20:00:56 INFO  Main:130 - Receiving message from the server
2023-06-10 20:00:56 INFO  Main:113 - Sending message to the server
2023-06-10 20:00:56 INFO  Main:130 - Receiving message from the server
2023-06-10 20:00:56 INFO  Main:113 - Sending message to the server
2023-06-10 20:00:56 INFO  Main:130 - Receiving message from the server
2023-06-10 20:00:56 INFO  Main:113 - Sending message to the server
2023-06-10 20:00:56 INFO  Main:130 - Receiving message from the server
2023-06-10 20:00:56 INFO  Main:113 - Sending message to the server
2023-06-10 20:00:56 INFO  Main:130 - Receiving message from the server
2023-06-10 20:00:56 INFO  Main:113 - Sending message to the server
2023-06-10 20:00:56 INFO  Main:130 - Receiving message from the server
2023-06-10 20:00:56 INFO  Main:113 - Sending message to the server
2023-06-10 20:00:56 INFO  Main:130 - Receiving message from the server
2023-06-10 20:00:56 INFO  Main:113 - Sending message to the server
2023-06-10 20:00:56 INFO  Main:130 - Receiving message from the server
2023-06-10 20:00:56 INFO  Main:113 - Sending message to the server
2023-06-10 20:00:57 INFO  Main:130 - Receiving message from the server
2023-06-10 20:00:57 INFO  Main:113 - Sending message to the server
2023-06-10 20:00:57 INFO  Main:130 - Receiving message from the server
2023-06-10 20:00:57 INFO  Main:113 - Sending message to the server
2023-06-10 20:00:57 INFO  Main:130 - Receiving message from the server
2023-06-10 20:00:57 INFO  Main:113 - Sending message to the server
2023-06-10 20:00:57 INFO  Main:130 - Receiving message from the server
2023-06-10 20:00:57 INFO  Main:113 - Sending message to the server
2023-06-10 20:00:57 INFO  Main:130 - Receiving message from the server
2023-06-10 20:00:57 INFO  Main:113 - Sending message to the server
2023-06-10 20:00:57 INFO  Main:130 - Receiving message from the server
2023-06-10 20:00:57 INFO  Main:113 - Sending message to the server
2023-06-10 20:00:57 INFO  Main:130 - Receiving message from the server
2023-06-10 20:00:57 INFO  Main:113 - Sending message to the server
2023-06-10 20:00:57 INFO  Main:130 - Receiving message from the server
2023-06-10 20:00:57 INFO  Main:113 - Sending message to the server
2023-06-10 20:00:57 INFO  Main:130 - Receiving message from the server
2023-06-10 20:00:57 INFO  Main:113 - Sending message to the server
2023-06-10 20:00:57 INFO  Main:130 - Receiving message from the server
2023-06-10 20:00:57 INFO  Main:113 - Sending message to the server
2023-06-10 20:00:57 INFO  Main:130 - Receiving message from the server
2023-06-10 20:00:57 INFO  Main:113 - Sending message to the server
2023-06-10 20:00:57 INFO  Main:130 - Receiving message from the server
2023-06-10 20:00:57 INFO  Main:113 - Sending message to the server
2023-06-10 20:00:57 INFO  Main:130 - Receiving message from the server
2023-06-10 20:00:57 INFO  Main:113 - Sending message to the server
2023-06-10 20:00:57 INFO  Main:130 - Receiving message from the server
2023-06-10 20:00:57 INFO  Main:113 - Sending message to the server
2023-06-10 20:00:57 INFO  Main:130 - Receiving message from the server
2023-06-10 20:00:58 INFO  Main:113 - Sending message to the server
2023-06-10 20:00:58 INFO  Main:130 - Receiving message from the server
2023-06-10 20:00:58 INFO  Main:113 - Sending message to the server
2023-06-10 20:00:58 INFO  Main:130 - Receiving message from the server
2023-06-10 20:00:58 INFO  Main:113 - Sending message to the server
2023-06-10 20:00:58 INFO  Main:130 - Receiving message from the server
2023-06-10 20:00:58 INFO  Main:113 - Sending message to the server
2023-06-10 20:00:58 INFO  Main:130 - Receiving message from the server
2023-06-10 20:00:58 INFO  Main:113 - Sending message to the server
2023-06-10 20:00:58 INFO  Main:130 - Receiving message from the server
2023-06-10 20:00:58 INFO  Main:113 - Sending message to the server
2023-06-10 20:00:58 INFO  Main:130 - Receiving message from the server
2023-06-10 20:00:58 INFO  Main:113 - Sending message to the server
2023-06-10 20:00:58 INFO  Main:130 - Receiving message from the server
2023-06-10 20:00:58 INFO  Main:113 - Sending message to the server
2023-06-10 20:01:30 INFO  Main:28 - GUI started
2023-06-10 20:01:30 INFO  Main:37 - new Client has been added
2023-06-10 20:01:35 INFO  Main:229 - Log Button Pressed
2023-06-10 20:01:35 INFO  Main:64 - Sending username to the server
2023-06-10 20:19:01 INFO  Main:28 - GUI started
2023-06-10 20:19:01 INFO  Main:37 - new Client has been added
2023-06-10 20:19:05 INFO  Main:229 - Log Button Pressed
2023-06-10 20:19:05 INFO  Main:64 - Sending username to the server
2023-06-10 20:22:22 INFO  Main:28 - GUI started
2023-06-10 20:22:22 INFO  Main:37 - new Client has been added
2023-06-10 20:22:27 INFO  Main:229 - Log Button Pressed
2023-06-10 20:22:27 INFO  Main:64 - Sending username to the server
